#
# There is insufficient memory for the Java Runtime Environment to continue.
# Native memory allocation (malloc) failed to allocate 32744 bytes for ChunkPool::allocate
# Possible reasons:
#   The system is out of physical RAM or swap space
#   The process is running with CompressedOops enabled, and the Java Heap may be blocking the growth of the native heap
# Possible solutions:
#   Reduce memory load on the system
#   Increase physical memory or swap space
#   Check if swap backing store is full
#   Decrease Java heap size (-Xmx/-Xms)
#   Decrease number of Java threads
#   Decrease Java thread stack sizes (-Xss)
#   Set larger code cache with -XX:ReservedCodeCacheSize=
#   JVM is running with Unscaled Compressed Oops mode in which the Java heap is
#     placed in the first 4GB address space. The Java Heap base address is the
#     maximum limit for the native heap growth. Please use -XX:HeapBaseMinAddress
#     to set the Java Heap base and to place the Java Heap above 4GB virtual address.
# This output file may be truncated or incomplete.
#
#  Out of Memory Error (./src/hotspot/share/memory/arena.cpp:81), pid=21132, tid=17324
#
# JRE version: OpenJDK Runtime Environment Temurin-11.0.14.1+1 (11.0.14.1+1) (build 11.0.14.1+1)
# Java VM: OpenJDK 64-Bit Server VM Temurin-11.0.14.1+1 (11.0.14.1+1, mixed mode, tiered, compressed oops, g1 gc, windows-amd64)
# No core dump will be written. Minidumps are not enabled by default on client versions of Windows
#

---------------  S U M M A R Y ------------

Command Line: org.gradle.launcher.GradleMain -Dorg.gradle.jvmargs=-Xmx4096m --stop

Host: Intel(R) Core(TM) i5-1035G1 CPU @ 1.00GHz, 8 cores, 7G,  Windows 11 , 64 bit Build 22621 (10.0.22621.1928)
Time: Thu Jul 13 00:16:31 2023 China Standard Time elapsed time: 0.237601 seconds (0d 0h 0m 0s)

---------------  T H R E A D  ---------------

Current thread (0x0000027ce2a24800):  JavaThread "C2 CompilerThread0" daemon [_thread_in_native, id=17324, stack(0x000000e265a00000,0x000000e265b00000)]


Current CompileTask:
C2:    237  349       4       java.io.File::<init> (80 bytes)

Stack: [0x000000e265a00000,0x000000e265b00000]
Native frames: (J=compiled Java code, j=interpreted, Vv=VM code, C=native code)
V  [jvm.dll+0x61e59a]
V  [jvm.dll+0x7aaca9]
V  [jvm.dll+0x7ac398]
V  [jvm.dll+0x7aca73]
V  [jvm.dll+0x24f9b8]
V  [jvm.dll+0xc286b]
V  [jvm.dll+0xc2bcc]
V  [jvm.dll+0xc271b]
V  [jvm.dll+0x5fc15f]
V  [jvm.dll+0x64f2a3]
V  [jvm.dll+0x19e90d]
V  [jvm.dll+0x208d12]
V  [jvm.dll+0x207ded]
V  [jvm.dll+0x18a2c1]
V  [jvm.dll+0x217734]
V  [jvm.dll+0x21597b]
V  [jvm.dll+0x76d7c0]
V  [jvm.dll+0x766724]
V  [jvm.dll+0x61d3f6]
C  [ucrtbase.dll+0x29363]
C  [KERNEL32.DLL+0x126ad]
C  [ntdll.dll+0x5aa68]


---------------  P R O C E S S  ---------------

Threads class SMR info:
_java_thread_list=0x0000027ce2bcc4a0, length=11, elements={
0x0000027cbad0f000, 0x0000027ce218c000, 0x0000027ce2191800, 0x0000027ce2a1d800,
0x0000027ce2a1f000, 0x0000027ce2a21000, 0x0000027ce2a24800, 0x0000027ce29cd000,
0x0000027ce29ce000, 0x0000027ce2ba0000, 0x0000027ce2b9e800
}

Java Threads: ( => current thread )
  0x0000027cbad0f000 JavaThread "main" [_thread_in_vm, id=18516, stack(0x000000e264e00000,0x000000e264f00000)]
  0x0000027ce218c000 JavaThread "Reference Handler" daemon [_thread_blocked, id=18532, stack(0x000000e265500000,0x000000e265600000)]
  0x0000027ce2191800 JavaThread "Finalizer" daemon [_thread_blocked, id=1084, stack(0x000000e265600000,0x000000e265700000)]
  0x0000027ce2a1d800 JavaThread "Signal Dispatcher" daemon [_thread_blocked, id=16348, stack(0x000000e265700000,0x000000e265800000)]
  0x0000027ce2a1f000 JavaThread "Attach Listener" daemon [_thread_blocked, id=11176, stack(0x000000e265800000,0x000000e265900000)]
  0x0000027ce2a21000 JavaThread "Service Thread" daemon [_thread_blocked, id=21800, stack(0x000000e265900000,0x000000e265a00000)]
=>0x0000027ce2a24800 JavaThread "C2 CompilerThread0" daemon [_thread_in_native, id=17324, stack(0x000000e265a00000,0x000000e265b00000)]
  0x0000027ce29cd000 JavaThread "C1 CompilerThread0" daemon [_thread_blocked, id=7756, stack(0x000000e265b00000,0x000000e265c00000)]
  0x0000027ce29ce000 JavaThread "Sweeper thread" daemon [_thread_blocked, id=21896, stack(0x000000e265c00000,0x000000e265d00000)]
  0x0000027ce2ba0000 JavaThread "Common-Cleaner" daemon [_thread_blocked, id=17140, stack(0x000000e265e00000,0x000000e265f00000)]
  0x0000027ce2b9e800 JavaThread "C2 CompilerThread1" daemon [_thread_in_native, id=21304, stack(0x000000e265f00000,0x000000e266000000)]

Other Threads:
  0x0000027ce2189800 VMThread "VM Thread" [stack: 0x000000e265400000,0x000000e265500000] [id=19336]
  0x0000027ce2b9e000 WatcherThread [stack: 0x000000e265d00000,0x000000e265e00000] [id=7748]
  0x0000027cb8c3c000 GCTaskThread "GC Thread#0" [stack: 0x000000e264f00000,0x000000e265000000] [id=16836]
  0x0000027cbad53000 ConcurrentGCThread "G1 Main Marker" [stack: 0x000000e265000000,0x000000e265100000] [id=2240]
  0x0000027cbad55800 ConcurrentGCThread "G1 Conc#0" [stack: 0x000000e265100000,0x000000e265200000] [id=19656]
  0x0000027cbadde000 ConcurrentGCThread "G1 Refine#0" [stack: 0x000000e265200000,0x000000e265300000] [id=7228]
  0x0000027ce1fe2800 ConcurrentGCThread "G1 Young RemSet Sampling" [stack: 0x000000e265300000,0x000000e265400000] [id=312]

Threads with active compile tasks:
C2 CompilerThread0    250  349       4       java.io.File::<init> (80 bytes)
C2 CompilerThread1    250  362       4       java.io.WinNTFileSystem::resolve (275 bytes)

VM state:not at safepoint (normal execution)

VM Mutex/Monitor currently owned by a thread: None

Heap address: 0x0000000084c00000, size: 1972 MB, Compressed Oops mode: 32-bit
Narrow klass base: 0x0000000000000000, Narrow klass shift: 3
Compressed class space size: 1073741824 Address: 0x0000000100000000

Heap:
 garbage-first heap   total 126976K, used 9216K [0x0000000084c00000, 0x0000000100000000)
  region size 1024K, 10 young (10240K), 0 survivors (0K)
 Metaspace       used 6519K, capacity 6648K, committed 6784K, reserved 1056768K
  class space    used 553K, capacity 575K, committed 640K, reserved 1048576K
Heap Regions: E=young(eden), S=young(survivor), O=old, HS=humongous(starts), HC=humongous(continues), CS=collection set, F=free, A=archive, TAMS=top-at-mark-start (previous, next)
|   0|0x0000000084c00000, 0x0000000084c00000, 0x0000000084d00000|  0%| F|  |TAMS 0x0000000084c00000, 0x0000000084c00000| Untracked 
|   1|0x0000000084d00000, 0x0000000084d00000, 0x0000000084e00000|  0%| F|  |TAMS 0x0000000084d00000, 0x0000000084d00000| Untracked 
|   2|0x0000000084e00000, 0x0000000084e00000, 0x0000000084f00000|  0%| F|  |TAMS 0x0000000084e00000, 0x0000000084e00000| Untracked 
|   3|0x0000000084f00000, 0x0000000084f00000, 0x0000000085000000|  0%| F|  |TAMS 0x0000000084f00000, 0x0000000084f00000| Untracked 
|   4|0x0000000085000000, 0x0000000085000000, 0x0000000085100000|  0%| F|  |TAMS 0x0000000085000000, 0x0000000085000000| Untracked 
|   5|0x0000000085100000, 0x0000000085100000, 0x0000000085200000|  0%| F|  |TAMS 0x0000000085100000, 0x0000000085100000| Untracked 
|   6|0x0000000085200000, 0x0000000085200000, 0x0000000085300000|  0%| F|  |TAMS 0x0000000085200000, 0x0000000085200000| Untracked 
|   7|0x0000000085300000, 0x0000000085300000, 0x0000000085400000|  0%| F|  |TAMS 0x0000000085300000, 0x0000000085300000| Untracked 
|   8|0x0000000085400000, 0x0000000085400000, 0x0000000085500000|  0%| F|  |TAMS 0x0000000085400000, 0x0000000085400000| Untracked 
|   9|0x0000000085500000, 0x0000000085500000, 0x0000000085600000|  0%| F|  |TAMS 0x0000000085500000, 0x0000000085500000| Untracked 
|  10|0x0000000085600000, 0x0000000085600000, 0x0000000085700000|  0%| F|  |TAMS 0x0000000085600000, 0x0000000085600000| Untracked 
|  11|0x0000000085700000, 0x0000000085700000, 0x0000000085800000|  0%| F|  |TAMS 0x0000000085700000, 0x0000000085700000| Untracked 
|  12|0x0000000085800000, 0x0000000085800000, 0x0000000085900000|  0%| F|  |TAMS 0x0000000085800000, 0x0000000085800000| Untracked 
|  13|0x0000000085900000, 0x0000000085900000, 0x0000000085a00000|  0%| F|  |TAMS 0x0000000085900000, 0x0000000085900000| Untracked 
|  14|0x0000000085a00000, 0x0000000085a00000, 0x0000000085b00000|  0%| F|  |TAMS 0x0000000085a00000, 0x0000000085a00000| Untracked 
|  15|0x0000000085b00000, 0x0000000085b00000, 0x0000000085c00000|  0%| F|  |TAMS 0x0000000085b00000, 0x0000000085b00000| Untracked 
|  16|0x0000000085c00000, 0x0000000085c00000, 0x0000000085d00000|  0%| F|  |TAMS 0x0000000085c00000, 0x0000000085c00000| Untracked 
|  17|0x0000000085d00000, 0x0000000085d00000, 0x0000000085e00000|  0%| F|  |TAMS 0x0000000085d00000, 0x0000000085d00000| Untracked 
|  18|0x0000000085e00000, 0x0000000085e00000, 0x0000000085f00000|  0%| F|  |TAMS 0x0000000085e00000, 0x0000000085e00000| Untracked 
|  19|0x0000000085f00000, 0x0000000085f00000, 0x0000000086000000|  0%| F|  |TAMS 0x0000000085f00000, 0x0000000085f00000| Untracked 
|  20|0x0000000086000000, 0x0000000086000000, 0x0000000086100000|  0%| F|  |TAMS 0x0000000086000000, 0x0000000086000000| Untracked 
|  21|0x0000000086100000, 0x0000000086100000, 0x0000000086200000|  0%| F|  |TAMS 0x0000000086100000, 0x0000000086100000| Untracked 
|  22|0x0000000086200000, 0x0000000086200000, 0x0000000086300000|  0%| F|  |TAMS 0x0000000086200000, 0x0000000086200000| Untracked 
|  23|0x0000000086300000, 0x0000000086300000, 0x0000000086400000|  0%| F|  |TAMS 0x0000000086300000, 0x0000000086300000| Untracked 
|  24|0x0000000086400000, 0x0000000086400000, 0x0000000086500000|  0%| F|  |TAMS 0x0000000086400000, 0x0000000086400000| Untracked 
|  25|0x0000000086500000, 0x0000000086500000, 0x0000000086600000|  0%| F|  |TAMS 0x0000000086500000, 0x0000000086500000| Untracked 
|  26|0x0000000086600000, 0x0000000086600000, 0x0000000086700000|  0%| F|  |TAMS 0x0000000086600000, 0x0000000086600000| Untracked 
|  27|0x0000000086700000, 0x0000000086700000, 0x0000000086800000|  0%| F|  |TAMS 0x0000000086700000, 0x0000000086700000| Untracked 
|  28|0x0000000086800000, 0x0000000086800000, 0x0000000086900000|  0%| F|  |TAMS 0x0000000086800000, 0x0000000086800000| Untracked 
|  29|0x0000000086900000, 0x0000000086900000, 0x0000000086a00000|  0%| F|  |TAMS 0x0000000086900000, 0x0000000086900000| Untracked 
|  30|0x0000000086a00000, 0x0000000086a00000, 0x0000000086b00000|  0%| F|  |TAMS 0x0000000086a00000, 0x0000000086a00000| Untracked 
|  31|0x0000000086b00000, 0x0000000086b00000, 0x0000000086c00000|  0%| F|  |TAMS 0x0000000086b00000, 0x0000000086b00000| Untracked 
|  32|0x0000000086c00000, 0x0000000086c00000, 0x0000000086d00000|  0%| F|  |TAMS 0x0000000086c00000, 0x0000000086c00000| Untracked 
|  33|0x0000000086d00000, 0x0000000086d00000, 0x0000000086e00000|  0%| F|  |TAMS 0x0000000086d00000, 0x0000000086d00000| Untracked 
|  34|0x0000000086e00000, 0x0000000086e00000, 0x0000000086f00000|  0%| F|  |TAMS 0x0000000086e00000, 0x0000000086e00000| Untracked 
|  35|0x0000000086f00000, 0x0000000086f00000, 0x0000000087000000|  0%| F|  |TAMS 0x0000000086f00000, 0x0000000086f00000| Untracked 
|  36|0x0000000087000000, 0x0000000087000000, 0x0000000087100000|  0%| F|  |TAMS 0x0000000087000000, 0x0000000087000000| Untracked 
|  37|0x0000000087100000, 0x0000000087100000, 0x0000000087200000|  0%| F|  |TAMS 0x0000000087100000, 0x0000000087100000| Untracked 
|  38|0x0000000087200000, 0x0000000087200000, 0x0000000087300000|  0%| F|  |TAMS 0x0000000087200000, 0x0000000087200000| Untracked 
|  39|0x0000000087300000, 0x0000000087300000, 0x0000000087400000|  0%| F|  |TAMS 0x0000000087300000, 0x0000000087300000| Untracked 
|  40|0x0000000087400000, 0x0000000087400000, 0x0000000087500000|  0%| F|  |TAMS 0x0000000087400000, 0x0000000087400000| Untracked 
|  41|0x0000000087500000, 0x0000000087500000, 0x0000000087600000|  0%| F|  |TAMS 0x0000000087500000, 0x0000000087500000| Untracked 
|  42|0x0000000087600000, 0x0000000087600000, 0x0000000087700000|  0%| F|  |TAMS 0x0000000087600000, 0x0000000087600000| Untracked 
|  43|0x0000000087700000, 0x0000000087700000, 0x0000000087800000|  0%| F|  |TAMS 0x0000000087700000, 0x0000000087700000| Untracked 
|  44|0x0000000087800000, 0x0000000087800000, 0x0000000087900000|  0%| F|  |TAMS 0x0000000087800000, 0x0000000087800000| Untracked 
|  45|0x0000000087900000, 0x0000000087900000, 0x0000000087a00000|  0%| F|  |TAMS 0x0000000087900000, 0x0000000087900000| Untracked 
|  46|0x0000000087a00000, 0x0000000087a00000, 0x0000000087b00000|  0%| F|  |TAMS 0x0000000087a00000, 0x0000000087a00000| Untracked 
|  47|0x0000000087b00000, 0x0000000087b00000, 0x0000000087c00000|  0%| F|  |TAMS 0x0000000087b00000, 0x0000000087b00000| Untracked 
|  48|0x0000000087c00000, 0x0000000087c00000, 0x0000000087d00000|  0%| F|  |TAMS 0x0000000087c00000, 0x0000000087c00000| Untracked 
|  49|0x0000000087d00000, 0x0000000087d00000, 0x0000000087e00000|  0%| F|  |TAMS 0x0000000087d00000, 0x0000000087d00000| Untracked 
|  50|0x0000000087e00000, 0x0000000087e00000, 0x0000000087f00000|  0%| F|  |TAMS 0x0000000087e00000, 0x0000000087e00000| Untracked 
|  51|0x0000000087f00000, 0x0000000087f00000, 0x0000000088000000|  0%| F|  |TAMS 0x0000000087f00000, 0x0000000087f00000| Untracked 
|  52|0x0000000088000000, 0x0000000088000000, 0x0000000088100000|  0%| F|  |TAMS 0x0000000088000000, 0x0000000088000000| Untracked 
|  53|0x0000000088100000, 0x0000000088100000, 0x0000000088200000|  0%| F|  |TAMS 0x0000000088100000, 0x0000000088100000| Untracked 
|  54|0x0000000088200000, 0x0000000088200000, 0x0000000088300000|  0%| F|  |TAMS 0x0000000088200000, 0x0000000088200000| Untracked 
|  55|0x0000000088300000, 0x0000000088300000, 0x0000000088400000|  0%| F|  |TAMS 0x0000000088300000, 0x0000000088300000| Untracked 
|  56|0x0000000088400000, 0x0000000088400000, 0x0000000088500000|  0%| F|  |TAMS 0x0000000088400000, 0x0000000088400000| Untracked 
|  57|0x0000000088500000, 0x0000000088500000, 0x0000000088600000|  0%| F|  |TAMS 0x0000000088500000, 0x0000000088500000| Untracked 
|  58|0x0000000088600000, 0x0000000088600000, 0x0000000088700000|  0%| F|  |TAMS 0x0000000088600000, 0x0000000088600000| Untracked 
|  59|0x0000000088700000, 0x0000000088700000, 0x0000000088800000|  0%| F|  |TAMS 0x0000000088700000, 0x0000000088700000| Untracked 
|  60|0x0000000088800000, 0x0000000088800000, 0x0000000088900000|  0%| F|  |TAMS 0x0000000088800000, 0x0000000088800000| Untracked 
|  61|0x0000000088900000, 0x0000000088900000, 0x0000000088a00000|  0%| F|  |TAMS 0x0000000088900000, 0x0000000088900000| Untracked 
|  62|0x0000000088a00000, 0x0000000088a00000, 0x0000000088b00000|  0%| F|  |TAMS 0x0000000088a00000, 0x0000000088a00000| Untracked 
|  63|0x0000000088b00000, 0x0000000088b00000, 0x0000000088c00000|  0%| F|  |TAMS 0x0000000088b00000, 0x0000000088b00000| Untracked 
|  64|0x0000000088c00000, 0x0000000088c00000, 0x0000000088d00000|  0%| F|  |TAMS 0x0000000088c00000, 0x0000000088c00000| Untracked 
|  65|0x0000000088d00000, 0x0000000088d00000, 0x0000000088e00000|  0%| F|  |TAMS 0x0000000088d00000, 0x0000000088d00000| Untracked 
|  66|0x0000000088e00000, 0x0000000088e00000, 0x0000000088f00000|  0%| F|  |TAMS 0x0000000088e00000, 0x0000000088e00000| Untracked 
|  67|0x0000000088f00000, 0x0000000088f00000, 0x0000000089000000|  0%| F|  |TAMS 0x0000000088f00000, 0x0000000088f00000| Untracked 
|  68|0x0000000089000000, 0x0000000089000000, 0x0000000089100000|  0%| F|  |TAMS 0x0000000089000000, 0x0000000089000000| Untracked 
|  69|0x0000000089100000, 0x0000000089100000, 0x0000000089200000|  0%| F|  |TAMS 0x0000000089100000, 0x0000000089100000| Untracked 
|  70|0x0000000089200000, 0x0000000089200000, 0x0000000089300000|  0%| F|  |TAMS 0x0000000089200000, 0x0000000089200000| Untracked 
|  71|0x0000000089300000, 0x0000000089300000, 0x0000000089400000|  0%| F|  |TAMS 0x0000000089300000, 0x0000000089300000| Untracked 
|  72|0x0000000089400000, 0x0000000089400000, 0x0000000089500000|  0%| F|  |TAMS 0x0000000089400000, 0x0000000089400000| Untracked 
|  73|0x0000000089500000, 0x0000000089500000, 0x0000000089600000|  0%| F|  |TAMS 0x0000000089500000, 0x0000000089500000| Untracked 
|  74|0x0000000089600000, 0x0000000089600000, 0x0000000089700000|  0%| F|  |TAMS 0x0000000089600000, 0x0000000089600000| Untracked 
|  75|0x0000000089700000, 0x0000000089700000, 0x0000000089800000|  0%| F|  |TAMS 0x0000000089700000, 0x0000000089700000| Untracked 
|  76|0x0000000089800000, 0x0000000089800000, 0x0000000089900000|  0%| F|  |TAMS 0x0000000089800000, 0x0000000089800000| Untracked 
|  77|0x0000000089900000, 0x0000000089900000, 0x0000000089a00000|  0%| F|  |TAMS 0x0000000089900000, 0x0000000089900000| Untracked 
|  78|0x0000000089a00000, 0x0000000089a00000, 0x0000000089b00000|  0%| F|  |TAMS 0x0000000089a00000, 0x0000000089a00000| Untracked 
|  79|0x0000000089b00000, 0x0000000089b00000, 0x0000000089c00000|  0%| F|  |TAMS 0x0000000089b00000, 0x0000000089b00000| Untracked 
|  80|0x0000000089c00000, 0x0000000089c00000, 0x0000000089d00000|  0%| F|  |TAMS 0x0000000089c00000, 0x0000000089c00000| Untracked 
|  81|0x0000000089d00000, 0x0000000089d00000, 0x0000000089e00000|  0%| F|  |TAMS 0x0000000089d00000, 0x0000000089d00000| Untracked 
|  82|0x0000000089e00000, 0x0000000089e00000, 0x0000000089f00000|  0%| F|  |TAMS 0x0000000089e00000, 0x0000000089e00000| Untracked 
|  83|0x0000000089f00000, 0x0000000089f00000, 0x000000008a000000|  0%| F|  |TAMS 0x0000000089f00000, 0x0000000089f00000| Untracked 
|  84|0x000000008a000000, 0x000000008a000000, 0x000000008a100000|  0%| F|  |TAMS 0x000000008a000000, 0x000000008a000000| Untracked 
|  85|0x000000008a100000, 0x000000008a100000, 0x000000008a200000|  0%| F|  |TAMS 0x000000008a100000, 0x000000008a100000| Untracked 
|  86|0x000000008a200000, 0x000000008a200000, 0x000000008a300000|  0%| F|  |TAMS 0x000000008a200000, 0x000000008a200000| Untracked 
|  87|0x000000008a300000, 0x000000008a300000, 0x000000008a400000|  0%| F|  |TAMS 0x000000008a300000, 0x000000008a300000| Untracked 
|  88|0x000000008a400000, 0x000000008a400000, 0x000000008a500000|  0%| F|  |TAMS 0x000000008a400000, 0x000000008a400000| Untracked 
|  89|0x000000008a500000, 0x000000008a500000, 0x000000008a600000|  0%| F|  |TAMS 0x000000008a500000, 0x000000008a500000| Untracked 
|  90|0x000000008a600000, 0x000000008a600000, 0x000000008a700000|  0%| F|  |TAMS 0x000000008a600000, 0x000000008a600000| Untracked 
|  91|0x000000008a700000, 0x000000008a700000, 0x000000008a800000|  0%| F|  |TAMS 0x000000008a700000, 0x000000008a700000| Untracked 
|  92|0x000000008a800000, 0x000000008a800000, 0x000000008a900000|  0%| F|  |TAMS 0x000000008a800000, 0x000000008a800000| Untracked 
|  93|0x000000008a900000, 0x000000008a900000, 0x000000008aa00000|  0%| F|  |TAMS 0x000000008a900000, 0x000000008a900000| Untracked 
|  94|0x000000008aa00000, 0x000000008aa00000, 0x000000008ab00000|  0%| F|  |TAMS 0x000000008aa00000, 0x000000008aa00000| Untracked 
|  95|0x000000008ab00000, 0x000000008ab00000, 0x000000008ac00000|  0%| F|  |TAMS 0x000000008ab00000, 0x000000008ab00000| Untracked 
|  96|0x000000008ac00000, 0x000000008ac00000, 0x000000008ad00000|  0%| F|  |TAMS 0x000000008ac00000, 0x000000008ac00000| Untracked 
|  97|0x000000008ad00000, 0x000000008ad00000, 0x000000008ae00000|  0%| F|  |TAMS 0x000000008ad00000, 0x000000008ad00000| Untracked 
|  98|0x000000008ae00000, 0x000000008ae00000, 0x000000008af00000|  0%| F|  |TAMS 0x000000008ae00000, 0x000000008ae00000| Untracked 
|  99|0x000000008af00000, 0x000000008af00000, 0x000000008b000000|  0%| F|  |TAMS 0x000000008af00000, 0x000000008af00000| Untracked 
| 100|0x000000008b000000, 0x000000008b000000, 0x000000008b100000|  0%| F|  |TAMS 0x000000008b000000, 0x000000008b000000| Untracked 
| 101|0x000000008b100000, 0x000000008b100000, 0x000000008b200000|  0%| F|  |TAMS 0x000000008b100000, 0x000000008b100000| Untracked 
| 102|0x000000008b200000, 0x000000008b200000, 0x000000008b300000|  0%| F|  |TAMS 0x000000008b200000, 0x000000008b200000| Untracked 
| 103|0x000000008b300000, 0x000000008b300000, 0x000000008b400000|  0%| F|  |TAMS 0x000000008b300000, 0x000000008b300000| Untracked 
| 104|0x000000008b400000, 0x000000008b400000, 0x000000008b500000|  0%| F|  |TAMS 0x000000008b400000, 0x000000008b400000| Untracked 
| 105|0x000000008b500000, 0x000000008b500000, 0x000000008b600000|  0%| F|  |TAMS 0x000000008b500000, 0x000000008b500000| Untracked 
| 106|0x000000008b600000, 0x000000008b600000, 0x000000008b700000|  0%| F|  |TAMS 0x000000008b600000, 0x000000008b600000| Untracked 
| 107|0x000000008b700000, 0x000000008b700000, 0x000000008b800000|  0%| F|  |TAMS 0x000000008b700000, 0x000000008b700000| Untracked 
| 108|0x000000008b800000, 0x000000008b800000, 0x000000008b900000|  0%| F|  |TAMS 0x000000008b800000, 0x000000008b800000| Untracked 
| 109|0x000000008b900000, 0x000000008b900000, 0x000000008ba00000|  0%| F|  |TAMS 0x000000008b900000, 0x000000008b900000| Untracked 
| 110|0x000000008ba00000, 0x000000008ba00000, 0x000000008bb00000|  0%| F|  |TAMS 0x000000008ba00000, 0x000000008ba00000| Untracked 
| 111|0x000000008bb00000, 0x000000008bb00000, 0x000000008bc00000|  0%| F|  |TAMS 0x000000008bb00000, 0x000000008bb00000| Untracked 
| 112|0x000000008bc00000, 0x000000008bc00000, 0x000000008bd00000|  0%| F|  |TAMS 0x000000008bc00000, 0x000000008bc00000| Untracked 
| 113|0x000000008bd00000, 0x000000008bd00000, 0x000000008be00000|  0%| F|  |TAMS 0x000000008bd00000, 0x000000008bd00000| Untracked 
| 114|0x000000008be00000, 0x000000008bef64b8, 0x000000008bf00000| 96%| E|  |TAMS 0x000000008be00000, 0x000000008be00000| Complete 
| 115|0x000000008bf00000, 0x000000008c000000, 0x000000008c000000|100%| E|CS|TAMS 0x000000008bf00000, 0x000000008bf00000| Complete 
| 116|0x000000008c000000, 0x000000008c100000, 0x000000008c100000|100%| E|CS|TAMS 0x000000008c000000, 0x000000008c000000| Complete 
| 117|0x000000008c100000, 0x000000008c200000, 0x000000008c200000|100%| E|CS|TAMS 0x000000008c100000, 0x000000008c100000| Complete 
| 118|0x000000008c200000, 0x000000008c300000, 0x000000008c300000|100%| E|CS|TAMS 0x000000008c200000, 0x000000008c200000| Complete 
| 119|0x000000008c300000, 0x000000008c400000, 0x000000008c400000|100%| E|CS|TAMS 0x000000008c300000, 0x000000008c300000| Complete 
| 120|0x000000008c400000, 0x000000008c500000, 0x000000008c500000|100%| E|CS|TAMS 0x000000008c400000, 0x000000008c400000| Complete 
| 121|0x000000008c500000, 0x000000008c600000, 0x000000008c600000|100%| E|CS|TAMS 0x000000008c500000, 0x000000008c500000| Complete 
| 122|0x000000008c600000, 0x000000008c700000, 0x000000008c700000|100%| E|CS|TAMS 0x000000008c600000, 0x000000008c600000| Complete 
| 123|0x000000008c700000, 0x000000008c800000, 0x000000008c800000|100%| E|CS|TAMS 0x000000008c700000, 0x000000008c700000| Complete 

Card table byte_map: [0x0000027cdb1b0000,0x0000027cdb590000] _byte_map_base: 0x0000027cdad8a000

Marking Bits (Prev, Next): (CMBitMap*) 0x0000027cbad4ab68, (CMBitMap*) 0x0000027cbad4aba0
 Prev Bits: [0x0000027cdb970000, 0x0000027cdd840000)
 Next Bits: [0x0000027cdd840000, 0x0000027cdf710000)

Polling page: 0x0000027cb8cc0000

Metaspace:

Usage:
  Non-class:      6.00 MB capacity,     5.90 MB ( 98%) used,    97.77 KB (  2%) free+waste,     4.13 KB ( <1%) overhead. 
      Class:    609.00 KB capacity,   559.90 KB ( 92%) used,    47.16 KB (  8%) free+waste,     1.94 KB ( <1%) overhead. 
       Both:      6.59 MB capacity,     6.44 MB ( 98%) used,   144.93 KB (  2%) free+waste,     6.06 KB ( <1%) overhead. 

Virtual space:
  Non-class space:        8.00 MB reserved,       6.00 MB ( 75%) committed 
      Class space:        1.00 GB reserved,     640.00 KB ( <1%) committed 
             Both:        1.01 GB reserved,       6.63 MB ( <1%) committed 

Chunk freelists:
   Non-Class:  3.00 KB
       Class:  1.00 KB
        Both:  4.00 KB

MaxMetaspaceSize: 17179869184.00 GB
CompressedClassSpaceSize: 1.00 GB
Initial GC threshold: 20.80 MB
Current GC threshold: 20.80 MB
CDS: off

CodeHeap 'non-profiled nmethods': size=120000Kb used=126Kb max_used=126Kb free=119873Kb
 bounds [0x0000027cd3570000, 0x0000027cd37e0000, 0x0000027cdaaa0000]
CodeHeap 'profiled nmethods': size=120000Kb used=589Kb max_used=589Kb free=119410Kb
 bounds [0x0000027ccc040000, 0x0000027ccc2b0000, 0x0000027cd3570000]
CodeHeap 'non-nmethods': size=5760Kb used=1103Kb max_used=1119Kb free=4656Kb
 bounds [0x0000027ccbaa0000, 0x0000027ccbd10000, 0x0000027ccc040000]
 total_blobs=754 nmethods=419 adapters=248
 compilation: enabled
              stopped_count=0, restarted_count=0
 full_count=0

Compilation events (20 events):
Event: 0.227 Thread 0x0000027ce29cd000 nmethod 370 0x0000027ccc0ba690 code [0x0000027ccc0ba860, 0x0000027ccc0baa28]
Event: 0.227 Thread 0x0000027ce29cd000  364       3       java.util.zip.ZipCoder$UTF8::getBytes (10 bytes)
Event: 0.227 Thread 0x0000027ce29cd000 nmethod 364 0x0000027ccc0bab10 code [0x0000027ccc0bace0, 0x0000027ccc0bafa8]
Event: 0.227 Thread 0x0000027ce29cd000  376       3       java.util.AbstractCollection::toArray (144 bytes)
Event: 0.228 Thread 0x0000027ce29cd000 nmethod 376 0x0000027ccc0bb110 code [0x0000027ccc0bb3e0, 0x0000027ccc0bc4f8]
Event: 0.228 Thread 0x0000027ce29cd000  377       3       java.util.AbstractCollection::addAll (42 bytes)
Event: 0.229 Thread 0x0000027ce29cd000 nmethod 377 0x0000027ccc0bc910 code [0x0000027ccc0bcb00, 0x0000027ccc0bcff8]
Event: 0.232 Thread 0x0000027ce29cd000  378       3       java.nio.Buffer::hasRemaining (17 bytes)
Event: 0.232 Thread 0x0000027ce29cd000 nmethod 378 0x0000027ccc0bd190 code [0x0000027ccc0bd340, 0x0000027ccc0bd498]
Event: 0.232 Thread 0x0000027ce29cd000  379   !   3       java.nio.DirectByteBuffer::get (28 bytes)
Event: 0.232 Thread 0x0000027ce29cd000 nmethod 379 0x0000027ccc0bd510 code [0x0000027ccc0bd700, 0x0000027ccc0bdae8]
Event: 0.232 Thread 0x0000027ce29cd000  381       3       java.nio.DirectByteBuffer::ix (10 bytes)
Event: 0.232 Thread 0x0000027ce29cd000 nmethod 381 0x0000027ccc0bdd10 code [0x0000027ccc0bdec0, 0x0000027ccc0bdfd8]
Event: 0.232 Thread 0x0000027ce29cd000  380       3       java.nio.Buffer::nextGetIndex (30 bytes)
Event: 0.233 Thread 0x0000027ce29cd000 nmethod 380 0x0000027ccc0be090 code [0x0000027ccc0be260, 0x0000027ccc0be428]
Event: 0.233 Thread 0x0000027ce29cd000  382       3       jdk.internal.misc.Unsafe::getByte (7 bytes)
Event: 0.233 Thread 0x0000027ce29cd000 nmethod 382 0x0000027ccc0be510 code [0x0000027ccc0be6c0, 0x0000027ccc0be7d8]
Event: 0.233 Thread 0x0000027ce29cd000  385       3       jdk.internal.module.ModuleReferenceImpl::hashCode (56 bytes)
Event: 0.233 Thread 0x0000027ce29cd000 nmethod 385 0x0000027ccc0be890 code [0x0000027ccc0bea80, 0x0000027ccc0beee8]
Event: 0.233 Thread 0x0000027ce29cd000  387       3       jdk.internal.jimage.ImageStringsReader::unmaskedHashCode (173 bytes)

GC Heap History (0 events):
No events

Deoptimization events (20 events):
Event: 0.179 Thread 0x0000027cbad0f000 DEOPT PACKING pc=0x0000027ccc070ddb sp=0x000000e264efe380
Event: 0.179 Thread 0x0000027cbad0f000 DEOPT UNPACKING pc=0x0000027ccbae9d0e sp=0x000000e264efd7f8 mode 0
Event: 0.179 Thread 0x0000027cbad0f000 DEOPT PACKING pc=0x0000027ccc07261b sp=0x000000e264efe390
Event: 0.179 Thread 0x0000027cbad0f000 DEOPT UNPACKING pc=0x0000027ccbae9d0e sp=0x000000e264efd800 mode 0
Event: 0.200 Thread 0x0000027cbad0f000 DEOPT PACKING pc=0x0000027ccc07a788 sp=0x000000e264efe180
Event: 0.200 Thread 0x0000027cbad0f000 DEOPT UNPACKING pc=0x0000027ccbae9d0e sp=0x000000e264efd650 mode 0
Event: 0.200 Thread 0x0000027cbad0f000 DEOPT PACKING pc=0x0000027ccc07a788 sp=0x000000e264efe350
Event: 0.200 Thread 0x0000027cbad0f000 DEOPT UNPACKING pc=0x0000027ccbae9d0e sp=0x000000e264efd820 mode 0
Event: 0.202 Thread 0x0000027cbad0f000 DEOPT PACKING pc=0x0000027ccc07a788 sp=0x000000e264efe180
Event: 0.202 Thread 0x0000027cbad0f000 DEOPT UNPACKING pc=0x0000027ccbae9d0e sp=0x000000e264efd650 mode 0
Event: 0.206 Thread 0x0000027cbad0f000 DEOPT PACKING pc=0x0000027ccc07a788 sp=0x000000e264efe350
Event: 0.206 Thread 0x0000027cbad0f000 DEOPT UNPACKING pc=0x0000027ccbae9d0e sp=0x000000e264efd820 mode 0
Event: 0.208 Thread 0x0000027cbad0f000 DEOPT PACKING pc=0x0000027ccc07a788 sp=0x000000e264efe480
Event: 0.208 Thread 0x0000027cbad0f000 DEOPT UNPACKING pc=0x0000027ccbae9d0e sp=0x000000e264efd950 mode 0
Event: 0.209 Thread 0x0000027cbad0f000 DEOPT PACKING pc=0x0000027ccc07a788 sp=0x000000e264efe3f0
Event: 0.209 Thread 0x0000027cbad0f000 DEOPT UNPACKING pc=0x0000027ccbae9d0e sp=0x000000e264efd8c0 mode 0
Event: 0.211 Thread 0x0000027cbad0f000 DEOPT PACKING pc=0x0000027ccc07a788 sp=0x000000e264efe480
Event: 0.211 Thread 0x0000027cbad0f000 DEOPT UNPACKING pc=0x0000027ccbae9d0e sp=0x000000e264efd950 mode 0
Event: 0.213 Thread 0x0000027cbad0f000 DEOPT PACKING pc=0x0000027ccc07a788 sp=0x000000e264efe350
Event: 0.213 Thread 0x0000027cbad0f000 DEOPT UNPACKING pc=0x0000027ccbae9d0e sp=0x000000e264efd820 mode 0

Classes redefined (0 events):
No events

Internal exceptions (3 events):
Event: 0.104 Thread 0x0000027cbad0f000 Exception <a 'java/lang/NoSuchMethodError'{0x000000008c50cc60}: 'int java.lang.invoke.DirectMethodHandle$Holder.invokeStaticInit(java.lang.Object, java.lang.Object)'> (0x000000008c50cc60) thrown at [./src/hotspot/share/interpreter/linkResolver.cpp, line 773]
Event: 0.159 Thread 0x0000027cbad0f000 Exception <a 'java/lang/NoSuchMethodError'{0x000000008c5eaaf8}: 'int java.lang.invoke.DirectMethodHandle$Holder.invokeSpecial(java.lang.Object, java.lang.Object, java.lang.Object, java.lang.Object)'> (0x000000008c5eaaf8) thrown at [./src/hotspot/share/interpreter/linkResolver.cpp, line 773]
Event: 0.167 Thread 0x0000027cbad0f000 Exception <a 'java/lang/NoSuchMethodError'{0x000000008c422c48}: 'int java.lang.invoke.DirectMethodHandle$Holder.invokeSpecialIFC(java.lang.Object, java.lang.Object, int)'> (0x000000008c422c48) thrown at [./src/hotspot/share/interpreter/linkResolver.cpp, line 773]

Events (20 events):
Event: 0.230 loading class jdk/internal/jimage/ImageHeader
Event: 0.230 loading class jdk/internal/jimage/ImageHeader done
Event: 0.230 loading class java/nio/DirectIntBufferU
Event: 0.231 loading class java/nio/IntBuffer
Event: 0.231 loading class java/nio/IntBuffer done
Event: 0.231 loading class java/nio/DirectIntBufferU done
Event: 0.231 loading class java/nio/DirectByteBufferR
Event: 0.231 loading class java/nio/DirectByteBufferR done
Event: 0.231 loading class java/nio/DirectIntBufferRU
Event: 0.231 loading class java/nio/DirectIntBufferRU done
Event: 0.231 loading class jdk/internal/jimage/ImageStringsReader
Event: 0.231 loading class jdk/internal/jimage/ImageStrings
Event: 0.231 loading class jdk/internal/jimage/ImageStrings done
Event: 0.231 loading class jdk/internal/jimage/ImageStringsReader done
Event: 0.231 loading class jdk/internal/jimage/decompressor/Decompressor
Event: 0.231 loading class jdk/internal/jimage/decompressor/Decompressor done
Event: 0.232 loading class jdk/internal/jimage/ImageLocation
Event: 0.232 loading class jdk/internal/jimage/ImageLocation done
Event: 0.234 loading class org/gradle/internal/classloader/VisitableURLClassLoader$Spec
Event: 0.234 loading class org/gradle/internal/classloader/VisitableURLClassLoader$Spec done


Dynamic libraries:
0x00007ff7c8530000 - 0x00007ff7c853d000 	D:\Unity\Data Inti\2023.1.3f1\Editor\Data\PlaybackEngines\AndroidPlayer\OpenJDK\bin\java.exe
0x00007ffee7a70000 - 0x00007ffee7c84000 	C:\WINDOWS\SYSTEM32\ntdll.dll
0x00007ffee70f0000 - 0x00007ffee71b2000 	C:\WINDOWS\System32\KERNEL32.DLL
0x00007ffee4ea0000 - 0x00007ffee5243000 	C:\WINDOWS\System32\KERNELBASE.dll
0x00007ffee5610000 - 0x00007ffee5721000 	C:\WINDOWS\System32\ucrtbase.dll
0x00007ffec2a50000 - 0x00007ffec2a67000 	D:\Unity\Data Inti\2023.1.3f1\Editor\Data\PlaybackEngines\AndroidPlayer\OpenJDK\bin\jli.dll
0x00007ffecf1c0000 - 0x00007ffecf1d5000 	D:\Unity\Data Inti\2023.1.3f1\Editor\Data\PlaybackEngines\AndroidPlayer\OpenJDK\bin\VCRUNTIME140.dll
0x00007ffee6f40000 - 0x00007ffee70ea000 	C:\WINDOWS\System32\USER32.dll
0x00007ffee4e70000 - 0x00007ffee4e96000 	C:\WINDOWS\System32\win32u.dll
0x00007ffed4460000 - 0x00007ffed46ee000 	C:\WINDOWS\WinSxS\amd64_microsoft.windows.common-controls_6595b64144ccf1df_6.0.22621.1635_none_270f70857386168e\COMCTL32.dll
0x00007ffee62e0000 - 0x00007ffee6309000 	C:\WINDOWS\System32\GDI32.dll
0x00007ffee5b20000 - 0x00007ffee5bc7000 	C:\WINDOWS\System32\msvcrt.dll
0x00007ffee5250000 - 0x00007ffee5369000 	C:\WINDOWS\System32\gdi32full.dll
0x00007ffee57b0000 - 0x00007ffee584a000 	C:\WINDOWS\System32\msvcp_win.dll
0x00007ffee6500000 - 0x00007ffee6531000 	C:\WINDOWS\System32\IMM32.DLL
0x00007ffe862d0000 - 0x00007ffe8636b000 	D:\Unity\Data Inti\2023.1.3f1\Editor\Data\PlaybackEngines\AndroidPlayer\OpenJDK\bin\msvcp140.dll
0x00007ffe6fff0000 - 0x00007ffe70b71000 	D:\Unity\Data Inti\2023.1.3f1\Editor\Data\PlaybackEngines\AndroidPlayer\OpenJDK\bin\server\jvm.dll
0x00007ffee5bd0000 - 0x00007ffee5c7e000 	C:\WINDOWS\System32\ADVAPI32.dll
0x00007ffee6450000 - 0x00007ffee64f4000 	C:\WINDOWS\System32\sechost.dll
0x00007ffee5d40000 - 0x00007ffee5e57000 	C:\WINDOWS\System32\RPCRT4.dll
0x00007ffee5b10000 - 0x00007ffee5b18000 	C:\WINDOWS\System32\PSAPI.DLL
0x00007ffeddbe0000 - 0x00007ffeddbe9000 	C:\WINDOWS\SYSTEM32\WSOCK32.dll
0x00007ffedd590000 - 0x00007ffedd5c4000 	C:\WINDOWS\SYSTEM32\WINMM.dll
0x00007ffedd3f0000 - 0x00007ffedd3fa000 	C:\WINDOWS\SYSTEM32\VERSION.dll
0x00007ffee79b0000 - 0x00007ffee7a21000 	C:\WINDOWS\System32\WS2_32.dll
0x00007ffee3f60000 - 0x00007ffee3f78000 	C:\WINDOWS\SYSTEM32\kernel.appcore.dll
0x00007ffedfd00000 - 0x00007ffedfd10000 	D:\Unity\Data Inti\2023.1.3f1\Editor\Data\PlaybackEngines\AndroidPlayer\OpenJDK\bin\verify.dll
0x00007ffee26f0000 - 0x00007ffee291e000 	C:\WINDOWS\SYSTEM32\DBGHELP.DLL
0x00007ffee7230000 - 0x00007ffee75b9000 	C:\WINDOWS\System32\combase.dll
0x00007ffee75d0000 - 0x00007ffee76a7000 	C:\WINDOWS\System32\OLEAUT32.dll
0x00007ffed2420000 - 0x00007ffed2452000 	C:\WINDOWS\SYSTEM32\dbgcore.DLL
0x00007ffee5730000 - 0x00007ffee57aa000 	C:\WINDOWS\System32\bcryptPrimitives.dll
0x00007ffe9d840000 - 0x00007ffe9d868000 	D:\Unity\Data Inti\2023.1.3f1\Editor\Data\PlaybackEngines\AndroidPlayer\OpenJDK\bin\java.dll
0x00007ffec2a40000 - 0x00007ffec2a4a000 	D:\Unity\Data Inti\2023.1.3f1\Editor\Data\PlaybackEngines\AndroidPlayer\OpenJDK\bin\jimage.dll
0x00007ffe862b0000 - 0x00007ffe862c8000 	D:\Unity\Data Inti\2023.1.3f1\Editor\Data\PlaybackEngines\AndroidPlayer\OpenJDK\bin\zip.dll
0x00007ffee65a0000 - 0x00007ffee6d99000 	C:\WINDOWS\System32\SHELL32.dll
0x00007ffee2e10000 - 0x00007ffee36de000 	C:\WINDOWS\SYSTEM32\windows.storage.dll
0x00007ffee2cd0000 - 0x00007ffee2e0e000 	C:\WINDOWS\SYSTEM32\wintypes.dll
0x00007ffee7700000 - 0x00007ffee77f1000 	C:\WINDOWS\System32\SHCORE.dll
0x00007ffee6540000 - 0x00007ffee659e000 	C:\WINDOWS\System32\shlwapi.dll
0x00007ffee4da0000 - 0x00007ffee4dc6000 	C:\WINDOWS\SYSTEM32\profapi.dll
0x00007ffe86220000 - 0x00007ffe86239000 	D:\UNITY\Data Inti\2023.1.3f1\Editor\Data\PlaybackEngines\AndroidPlayer\OpenJDK\bin\net.dll
0x00007ffede9c0000 - 0x00007ffedeaf7000 	C:\WINDOWS\SYSTEM32\WINHTTP.dll
0x00007ffee43e0000 - 0x00007ffee4449000 	C:\WINDOWS\system32\mswsock.dll
0x00007ffe86200000 - 0x00007ffe86213000 	D:\UNITY\Data Inti\2023.1.3f1\Editor\Data\PlaybackEngines\AndroidPlayer\OpenJDK\bin\nio.dll

dbghelp: loaded successfully - version: 4.0.5 - missing functions: none
symbol engine: initialized successfully - sym options: 0x614 - pdb path: .;D:\Unity\Data Inti\2023.1.3f1\Editor\Data\PlaybackEngines\AndroidPlayer\OpenJDK\bin;C:\WINDOWS\SYSTEM32;C:\WINDOWS\WinSxS\amd64_microsoft.windows.common-controls_6595b64144ccf1df_6.0.22621.1635_none_270f70857386168e;D:\Unity\Data Inti\2023.1.3f1\Editor\Data\PlaybackEngines\AndroidPlayer\OpenJDK\bin\server

VM Arguments:
java_command: org.gradle.launcher.GradleMain -Dorg.gradle.jvmargs=-Xmx4096m --stop
java_class_path (initial): D:\Unity\Data Inti\2023.1.3f1\Editor\Data\PlaybackEngines\AndroidPlayer\Tools\gradle\lib\gradle-launcher-7.6.jar
Launcher Type: SUN_STANDARD

[Global flags]
     intx CICompilerCount                          = 4                                         {product} {ergonomic}
     uint ConcGCThreads                            = 2                                         {product} {ergonomic}
     uint G1ConcRefinementThreads                  = 8                                         {product} {ergonomic}
   size_t G1HeapRegionSize                         = 1048576                                   {product} {ergonomic}
    uintx GCDrainStackTargetSize                   = 64                                        {product} {ergonomic}
   size_t InitialHeapSize                          = 130023424                                 {product} {ergonomic}
   size_t MarkStackSize                            = 4194304                                   {product} {ergonomic}
   size_t MaxHeapSize                              = 2067791872                                {product} {ergonomic}
   size_t MaxNewSize                               = 1240465408                                {product} {ergonomic}
   size_t MinHeapDeltaBytes                        = 1048576                                   {product} {ergonomic}
    uintx NonNMethodCodeHeapSize                   = 5836300                                {pd product} {ergonomic}
    uintx NonProfiledCodeHeapSize                  = 122910970                              {pd product} {ergonomic}
    uintx ProfiledCodeHeapSize                     = 122910970                              {pd product} {ergonomic}
    uintx ReservedCodeCacheSize                    = 251658240                              {pd product} {ergonomic}
     bool SegmentedCodeCache                       = true                                      {product} {ergonomic}
     bool UseCompressedClassPointers               = true                                 {lp64_product} {ergonomic}
     bool UseCompressedOops                        = true                                 {lp64_product} {ergonomic}
     bool UseG1GC                                  = true                                      {product} {ergonomic}
     bool UseLargePagesIndividualAllocation        = false                                  {pd product} {ergonomic}

Logging:
Log output configuration:
 #0: stdout all=warning uptime,level,tags
 #1: stderr all=off uptime,level,tags

Environment Variables:
JAVA_HOME=D:\Unity\Data Inti\2023.1.3f1\Editor\Data\PlaybackEngines\AndroidPlayer\OpenJDK
PATH=C:\ProgramData\Oracle\Java\javapath;C:\Program Files\Common Files\Oracle\Java\javapath;C:\Program Files (x86)\Common Files\Intel\Shared Libraries\redist\intel64_win\compiler;C:\Program Files (x86)\Common Files\Intel\Shared Libraries\redist\intel64\compiler;C:\Windows\system32;C:\Windows;C:\Windows\System32\Wbem;C:\Windows\System32\WindowsPowerShell\v1.0\;C:\Windows\System32\OpenSSH\;C:\Program Files (x86)\NVIDIA Corporation\PhysX\Common;C:\Program Files\NVIDIA Corporation\NVIDIA NvDLISR;C:\Users\ASUS\AppData\Local\Programs\Python\Python310\Scripts;C:\Users\ASUS\AppData\Local\Programs\Python\Python39;C:\Users\ASUS\AppData\Local\Programs\Python\Python39\Scripts;D:\JAVA\TEST 1\bin;C:\Program Files\dotnet\;D:\JAVA\TEST 1\src;C:\WINDOWS\system32;C:\WINDOWS;C:\WINDOWS\System32\Wbem;C:\WINDOWS\System32\WindowsPowerShell\v1.0\;C:\WINDOWS\System32\OpenSSH\;C:\Program Files\Git\cmd;D:\C#\Pelajaran 1;C:\Users\ASUS\AppData\Local\Microsoft\WindowsApps;C:\Users\ASUS\AppData\Local\Programs\Microsoft VS Code\bin;C:\msys64\mingw64\bin;D:\coding\PyCharm Community Edition 2022.2.1\bin;;C:\Users\ASUS\.dotnet\tools;C:\Users\ASUS\AppData\Local\GitHubDesktop\bin;
USERNAME=ASUS
OS=Windows_NT
PROCESSOR_IDENTIFIER=Intel64 Family 6 Model 126 Stepping 5, GenuineIntel



---------------  S Y S T E M  ---------------

OS: Windows 11 , 64 bit Build 22621 (10.0.22621.1928)
OS uptime: 0 days 6:54 hours
Hyper-V role detected

CPU:total 8 (initial active 8) (4 cores per cpu, 2 threads per core) family 6 model 126 stepping 5 microcode 0xa6, cmov, cx8, fxsr, mmx, sse, sse2, sse3, ssse3, sse4.1, sse4.2, popcnt, avx, avx2, aes, clmul, erms, 3dnowpref, lzcnt, ht, tsc, tscinvbit, bmi1, bmi2, adx, evex, sha, fma

Memory: 4k page, system-wide physical 7883M (470M free)
TotalPageFile size 16075M (AvailPageFile size 4M)
current process WorkingSet (physical memory assigned to process): 50M, peak: 50M
current process commit charge ("private bytes"): 207M, peak: 207M

vm_info: OpenJDK 64-Bit Server VM (11.0.14.1+1) for windows-amd64 JRE (11.0.14.1+1), built on Feb  9 2022 01:48:27 by "" with unknown MS VC++:1916

END.
