#
# There is insufficient memory for the Java Runtime Environment to continue.
# Native memory allocation (mmap) failed to map 130023424 bytes for Failed to commit area from 0x0000000084c00000 to 0x000000008c800000 of length 130023424.
# Possible reasons:
#   The system is out of physical RAM or swap space
#   The process is running with CompressedOops enabled, and the Java Heap may be blocking the growth of the native heap
# Possible solutions:
#   Reduce memory load on the system
#   Increase physical memory or swap space
#   Check if swap backing store is full
#   Decrease Java heap size (-Xmx/-Xms)
#   Decrease number of Java threads
#   Decrease Java thread stack sizes (-Xss)
#   Set larger code cache with -XX:ReservedCodeCacheSize=
# This output file may be truncated or incomplete.
#
#  Out of Memory Error (./open/src/hotspot/os/windows/os_windows.cpp:3292), pid=16400, tid=20088
#
# JRE version:  (11.0.19+9) (build )
# Java VM: Java HotSpot(TM) 64-Bit Server VM (11.0.19+9-LTS-224, mixed mode, sharing, tiered, compressed oops, g1 gc, windows-amd64)
# No core dump will be written. Minidumps are not enabled by default on client versions of Windows
#

---------------  S U M M A R Y ------------

Command Line: 

Host: Intel(R) Core(TM) i5-1035G1 CPU @ 1.00GHz, 8 cores, 7G,  Windows 11 , 64 bit Build 22621 (10.0.22621.1928)
Time: Thu Jul 13 00:15:58 2023 China Standard Time elapsed time: 0.010640 seconds (0d 0h 0m 0s)

---------------  T H R E A D  ---------------

Current thread (0x000001ea0468a800):  JavaThread "Unknown thread" [_thread_in_vm, id=20088, stack(0x000000d2d6e00000,0x000000d2d6f00000)]

Stack: [0x000000d2d6e00000,0x000000d2d6f00000]
Native frames: (J=compiled Java code, j=interpreted, Vv=VM code, C=native code)
V  [jvm.dll+0x65fe1a]
V  [jvm.dll+0x7a2bbf]
V  [jvm.dll+0x7a4289]
V  [jvm.dll+0x7a4923]
V  [jvm.dll+0x258a25]
V  [jvm.dll+0x65d179]
V  [jvm.dll+0x651e55]
V  [jvm.dll+0x31302d]
V  [jvm.dll+0x312e92]
V  [jvm.dll+0x317ac6]
V  [jvm.dll+0x35fbc0]
V  [jvm.dll+0x35f632]
V  [jvm.dll+0x2ee6b8]
V  [jvm.dll+0x2ef7c5]
V  [jvm.dll+0x77bc17]
V  [jvm.dll+0x77d4ff]
V  [jvm.dll+0x36ce69]
V  [jvm.dll+0x76070f]
V  [jvm.dll+0x3defe7]
V  [jvm.dll+0x3e1091]
C  [jli.dll+0x52e7]
C  [ucrtbase.dll+0x29363]
C  [KERNEL32.DLL+0x126ad]
C  [ntdll.dll+0x5aa68]


---------------  P R O C E S S  ---------------

Threads class SMR info:
_java_thread_list=0x000001ea02429b80, length=0, elements={
}

Java Threads: ( => current thread )

Other Threads:
  0x000001ea0469f000 GCTaskThread "GC Thread#0" [stack: 0x000000d2d6f00000,0x000000d2d7000000] [id=14700]
  0x000001ea046cf000 ConcurrentGCThread "G1 Main Marker" [stack: 0x000000d2d7000000,0x000000d2d7100000] [id=3692]
  0x000001ea046d2000 ConcurrentGCThread "G1 Conc#0" [stack: 0x000000d2d7100000,0x000000d2d7200000] [id=20172]

[error occurred during error reporting (printing all threads), id 0xc0000005, EXCEPTION_ACCESS_VIOLATION (0xc0000005) at pc=0x00007ffe76ecf177]

VM state:not at safepoint (not fully initialized)

VM Mutex/Monitor currently owned by a thread:  ([mutex/lock_event])
[0x000001ea02425d70] Heap_lock - owner thread: 0x000001ea0468a800

Heap address: 0x0000000084c00000, size: 1972 MB, Compressed Oops mode: Non-zero based: 0x0000000084c00000
Narrow klass base: 0x0000000000000000, Narrow klass shift: 0

GC Heap History (0 events):
No events

Deoptimization events (0 events):
No events

Classes redefined (0 events):
No events

Internal exceptions (0 events):
No events

Events (0 events):
No events


Dynamic libraries:
0x00007ff6ac3c0000 - 0x00007ff6ac3d0000 	C:\Program Files\Java\jdk-11\bin\java.exe
0x00007ffee7a70000 - 0x00007ffee7c84000 	C:\WINDOWS\SYSTEM32\ntdll.dll
0x00007ffee70f0000 - 0x00007ffee71b2000 	C:\WINDOWS\System32\KERNEL32.DLL
0x00007ffee4ea0000 - 0x00007ffee5243000 	C:\WINDOWS\System32\KERNELBASE.dll
0x00007ffee5610000 - 0x00007ffee5721000 	C:\WINDOWS\System32\ucrtbase.dll
0x00007ffe9e4e0000 - 0x00007ffe9e4f9000 	C:\Program Files\Java\jdk-11\bin\jli.dll
0x00007ffe94690000 - 0x00007ffe946ab000 	C:\Program Files\Java\jdk-11\bin\VCRUNTIME140.dll
0x00007ffee5bd0000 - 0x00007ffee5c7e000 	C:\WINDOWS\System32\ADVAPI32.dll
0x00007ffee5b20000 - 0x00007ffee5bc7000 	C:\WINDOWS\System32\msvcrt.dll
0x00007ffee6450000 - 0x00007ffee64f4000 	C:\WINDOWS\System32\sechost.dll
0x00007ffee5d40000 - 0x00007ffee5e57000 	C:\WINDOWS\System32\RPCRT4.dll
0x00007ffee6f40000 - 0x00007ffee70ea000 	C:\WINDOWS\System32\USER32.dll
0x00007ffee4e70000 - 0x00007ffee4e96000 	C:\WINDOWS\System32\win32u.dll
0x00007ffed4460000 - 0x00007ffed46ee000 	C:\WINDOWS\WinSxS\amd64_microsoft.windows.common-controls_6595b64144ccf1df_6.0.22621.1635_none_270f70857386168e\COMCTL32.dll
0x00007ffee62e0000 - 0x00007ffee6309000 	C:\WINDOWS\System32\GDI32.dll
0x00007ffee5250000 - 0x00007ffee5369000 	C:\WINDOWS\System32\gdi32full.dll
0x00007ffee57b0000 - 0x00007ffee584a000 	C:\WINDOWS\System32\msvcp_win.dll
0x00007ffedd3f0000 - 0x00007ffedd3fa000 	C:\WINDOWS\SYSTEM32\VERSION.dll
0x00007ffee6500000 - 0x00007ffee6531000 	C:\WINDOWS\System32\IMM32.DLL
0x00007ffe95160000 - 0x00007ffe9516c000 	C:\Program Files\Java\jdk-11\bin\vcruntime140_1.dll
0x00007ffe82880000 - 0x00007ffe8290e000 	C:\Program Files\Java\jdk-11\bin\msvcp140.dll
0x00007ffe76bd0000 - 0x00007ffe7773c000 	C:\Program Files\Java\jdk-11\bin\server\jvm.dll
0x00007ffee5b10000 - 0x00007ffee5b18000 	C:\WINDOWS\System32\PSAPI.DLL
0x00007ffeddbe0000 - 0x00007ffeddbe9000 	C:\WINDOWS\SYSTEM32\WSOCK32.dll
0x00007ffedd590000 - 0x00007ffedd5c4000 	C:\WINDOWS\SYSTEM32\WINMM.dll
0x00007ffee79b0000 - 0x00007ffee7a21000 	C:\WINDOWS\System32\WS2_32.dll
0x00007ffee3f60000 - 0x00007ffee3f78000 	C:\WINDOWS\SYSTEM32\kernel.appcore.dll
0x00007ffe94f70000 - 0x00007ffe94f80000 	C:\Program Files\Java\jdk-11\bin\verify.dll
0x00007ffee26f0000 - 0x00007ffee291e000 	C:\WINDOWS\SYSTEM32\DBGHELP.DLL
0x00007ffee7230000 - 0x00007ffee75b9000 	C:\WINDOWS\System32\combase.dll
0x00007ffee75d0000 - 0x00007ffee76a7000 	C:\WINDOWS\System32\OLEAUT32.dll
0x00007ffed2420000 - 0x00007ffed2452000 	C:\WINDOWS\SYSTEM32\dbgcore.DLL
0x00007ffee5730000 - 0x00007ffee57aa000 	C:\WINDOWS\System32\bcryptPrimitives.dll
0x00007ffe85740000 - 0x00007ffe85768000 	C:\Program Files\Java\jdk-11\bin\java.dll
0x00007ffe94bb0000 - 0x00007ffe94bba000 	C:\Program Files\Java\jdk-11\bin\jimage.dll
0x00007ffe93780000 - 0x00007ffe93797000 	C:\Program Files\Java\jdk-11\bin\zip.dll

dbghelp: loaded successfully - version: 4.0.5 - missing functions: none
symbol engine: initialized successfully - sym options: 0x614 - pdb path: .;C:\Program Files\Java\jdk-11\bin;C:\WINDOWS\SYSTEM32;C:\WINDOWS\WinSxS\amd64_microsoft.windows.common-controls_6595b64144ccf1df_6.0.22621.1635_none_270f70857386168e;C:\Program Files\Java\jdk-11\bin\server

VM Arguments:
java_command: <unknown>
java_class_path (initial): <not set>
Launcher Type: SUN_STANDARD

[Global flags]
     intx CICompilerCount                          = 4                                         {product} {ergonomic}
     uint ConcGCThreads                            = 2                                         {product} {ergonomic}
     uint G1ConcRefinementThreads                  = 8                                         {product} {ergonomic}
   size_t G1HeapRegionSize                         = 1048576                                   {product} {ergonomic}
    uintx GCDrainStackTargetSize                   = 64                                        {product} {ergonomic}
   size_t InitialHeapSize                          = 130023424                                 {product} {ergonomic}
   size_t MarkStackSize                            = 4194304                                   {product} {ergonomic}
   size_t MaxHeapSize                              = 2067791872                                {product} {ergonomic}
   size_t MinHeapDeltaBytes                        = 1048576                                   {product} {ergonomic}
    uintx NonNMethodCodeHeapSize                   = 5836300                                {pd product} {ergonomic}
    uintx NonProfiledCodeHeapSize                  = 122910970                              {pd product} {ergonomic}
    uintx ProfiledCodeHeapSize                     = 122910970                              {pd product} {ergonomic}
    uintx ReservedCodeCacheSize                    = 251658240                              {pd product} {ergonomic}
     bool SegmentedCodeCache                       = true                                      {product} {ergonomic}
     bool UseCompressedClassPointers               = true                                 {lp64_product} {ergonomic}
     bool UseCompressedOops                        = true                                 {lp64_product} {ergonomic}
     bool UseG1GC                                  = true                                      {product} {ergonomic}
     bool UseLargePagesIndividualAllocation        = false                                  {pd product} {ergonomic}

Logging:
Log output configuration:
 #0: stdout all=warning uptime,level,tags
 #1: stderr all=off uptime,level,tags

Environment Variables:
JAVA_HOME=D:\Unity\Data Inti\2023.1.3f1\Editor\Data\PlaybackEngines\AndroidPlayer\OpenJDK
PATH=C:\ProgramData\Oracle\Java\javapath;C:\Program Files\Common Files\Oracle\Java\javapath;C:\Program Files (x86)\Common Files\Intel\Shared Libraries\redist\intel64_win\compiler;C:\Program Files (x86)\Common Files\Intel\Shared Libraries\redist\intel64\compiler;C:\Windows\system32;C:\Windows;C:\Windows\System32\Wbem;C:\Windows\System32\WindowsPowerShell\v1.0\;C:\Windows\System32\OpenSSH\;C:\Program Files (x86)\NVIDIA Corporation\PhysX\Common;C:\Program Files\NVIDIA Corporation\NVIDIA NvDLISR;C:\Users\ASUS\AppData\Local\Programs\Python\Python310\Scripts;C:\Users\ASUS\AppData\Local\Programs\Python\Python39;C:\Users\ASUS\AppData\Local\Programs\Python\Python39\Scripts;D:\JAVA\TEST 1\bin;C:\Program Files\dotnet\;D:\JAVA\TEST 1\src;C:\WINDOWS\system32;C:\WINDOWS;C:\WINDOWS\System32\Wbem;C:\WINDOWS\System32\WindowsPowerShell\v1.0\;C:\WINDOWS\System32\OpenSSH\;C:\Program Files\Git\cmd;D:\C#\Pelajaran 1;C:\Users\ASUS\AppData\Local\Microsoft\WindowsApps;C:\Users\ASUS\AppData\Local\Programs\Microsoft VS Code\bin;C:\msys64\mingw64\bin;D:\coding\PyCharm Community Edition 2022.2.1\bin;;C:\Users\ASUS\.dotnet\tools;C:\Users\ASUS\AppData\Local\GitHubDesktop\bin;
USERNAME=ASUS
OS=Windows_NT
PROCESSOR_IDENTIFIER=Intel64 Family 6 Model 126 Stepping 5, GenuineIntel



---------------  S Y S T E M  ---------------

OS: Windows 11 , 64 bit Build 22621 (10.0.22621.1928)
Hyper-V role detected

CPU:total 8 (initial active 8) (4 cores per cpu, 2 threads per core) family 6 model 126 stepping 5 microcode 0xa6, cmov, cx8, fxsr, mmx, sse, sse2, sse3, ssse3, sse4.1, sse4.2, popcnt, avx, avx2, aes, clmul, erms, 3dnowpref, lzcnt, ht, tsc, tscinvbit, bmi1, bmi2, adx, evex, sha, fma

Memory: 4k page, system-wide physical 7883M (623M free)
TotalPageFile size 16075M (AvailPageFile size 14M)
current process WorkingSet (physical memory assigned to process): 10M, peak: 10M
current process commit charge ("private bytes"): 60M, peak: 184M

vm_info: Java HotSpot(TM) 64-Bit Server VM (11.0.19+9-LTS-224) for windows-amd64 JRE (11.0.19+9-LTS-224), built on Mar 27 2023 08:48:55 by "mach5one" with MS VC++ 17.1 (VS2022)

END.
