#
# There is insufficient memory for the Java Runtime Environment to continue.
# Native memory allocation (mmap) failed to map 130023424 bytes for Failed to commit area from 0x0000000084c00000 to 0x000000008c800000 of length 130023424.
# Possible reasons:
#   The system is out of physical RAM or swap space
#   The process is running with CompressedOops enabled, and the Java Heap may be blocking the growth of the native heap
# Possible solutions:
#   Reduce memory load on the system
#   Increase physical memory or swap space
#   Check if swap backing store is full
#   Decrease Java heap size (-Xmx/-Xms)
#   Decrease number of Java threads
#   Decrease Java thread stack sizes (-Xss)
#   Set larger code cache with -XX:ReservedCodeCacheSize=
# This output file may be truncated or incomplete.
#
#  Out of Memory Error (./src/hotspot/os/windows/os_windows.cpp:3387), pid=1988, tid=580
#
# JRE version:  (11.0.14.1+1) (build )
# Java VM: OpenJDK 64-Bit Server VM (11.0.14.1+1, mixed mode, sharing, tiered, compressed oops, g1 gc, windows-amd64)
# No core dump will be written. Minidumps are not enabled by default on client versions of Windows
#

---------------  S U M M A R Y ------------

Command Line: 

Host: Intel(R) Core(TM) i5-1035G1 CPU @ 1.00GHz, 8 cores, 7G,  Windows 11 , 64 bit Build 22621 (10.0.22621.1928)
Time: Thu Jul 13 00:15:58 2023 China Standard Time elapsed time: 0.009095 seconds (0d 0h 0m 0s)

---------------  T H R E A D  ---------------

Current thread (0x000001fe64310800):  JavaThread "Unknown thread" [_thread_in_vm, id=580, stack(0x000000f1a7300000,0x000000f1a7400000)]

Stack: [0x000000f1a7300000,0x000000f1a7400000]
Native frames: (J=compiled Java code, j=interpreted, Vv=VM code, C=native code)
V  [jvm.dll+0x61e59a]
V  [jvm.dll+0x7aaca9]
V  [jvm.dll+0x7ac398]
V  [jvm.dll+0x7aca73]
V  [jvm.dll+0x24f9b8]
V  [jvm.dll+0x61b83a]
V  [jvm.dll+0x6100c5]
V  [jvm.dll+0x30772c]
V  [jvm.dll+0x3075b2]
V  [jvm.dll+0x30c2d6]
V  [jvm.dll+0x35272f]
V  [jvm.dll+0x352160]
V  [jvm.dll+0x2e4728]
V  [jvm.dll+0x2e5886]
V  [jvm.dll+0x784b07]
V  [jvm.dll+0x78628f]
V  [jvm.dll+0x35f479]
V  [jvm.dll+0x767aa0]
V  [jvm.dll+0x3ccf1f]
V  [jvm.dll+0x3cf2b1]
C  [jli.dll+0x5207]
C  [ucrtbase.dll+0x29363]
C  [KERNEL32.DLL+0x126ad]
C  [ntdll.dll+0x5aa68]


---------------  P R O C E S S  ---------------

Threads class SMR info:
_java_thread_list=0x000001fe6212cff0, length=0, elements={
}

Java Threads: ( => current thread )

Other Threads:
  0x000001fe64328000 GCTaskThread "GC Thread#0" [stack: 0x000000f1a7400000,0x000000f1a7500000] [id=2568]
  0x000001fe6435a800 ConcurrentGCThread "G1 Main Marker" [stack: 0x000000f1a7500000,0x000000f1a7600000] [id=9076]
  0x000001fe6435c800 ConcurrentGCThread "G1 Conc#0" [stack: 0x000000f1a7600000,0x000000f1a7700000] [id=7928]

[error occurred during error reporting (printing all threads), id 0xc0000005, EXCEPTION_ACCESS_VIOLATION (0xc0000005) at pc=0x00007ffe702e3ef7]

VM state:not at safepoint (not fully initialized)

VM Mutex/Monitor currently owned by a thread:  ([mutex/lock_event])
[0x000001fe6430d900] Heap_lock - owner thread: 0x000001fe64310800

Heap address: 0x0000000084c00000, size: 1972 MB, Compressed Oops mode: Non-zero based: 0x0000000084c00000
Narrow klass base: 0x0000000000000000, Narrow klass shift: 0

GC Heap History (0 events):
No events

Deoptimization events (0 events):
No events

Classes redefined (0 events):
No events

Internal exceptions (0 events):
No events

Events (1 events):
Event: 0.006 Loaded shared library D:\Unity\Data Inti\2023.1.3f1\Editor\Data\PlaybackEngines\AndroidPlayer\OpenJDK\bin\zip.dll


Dynamic libraries:
0x00007ff7c8530000 - 0x00007ff7c853d000 	D:\Unity\Data Inti\2023.1.3f1\Editor\Data\PlaybackEngines\AndroidPlayer\OpenJDK\bin\java.exe
0x00007ffee7a70000 - 0x00007ffee7c84000 	C:\WINDOWS\SYSTEM32\ntdll.dll
0x00007ffee70f0000 - 0x00007ffee71b2000 	C:\WINDOWS\System32\KERNEL32.DLL
0x00007ffee4ea0000 - 0x00007ffee5243000 	C:\WINDOWS\System32\KERNELBASE.dll
0x00007ffee5610000 - 0x00007ffee5721000 	C:\WINDOWS\System32\ucrtbase.dll
0x00007ffecf1c0000 - 0x00007ffecf1d5000 	D:\Unity\Data Inti\2023.1.3f1\Editor\Data\PlaybackEngines\AndroidPlayer\OpenJDK\bin\VCRUNTIME140.dll
0x00007ffec2a50000 - 0x00007ffec2a67000 	D:\Unity\Data Inti\2023.1.3f1\Editor\Data\PlaybackEngines\AndroidPlayer\OpenJDK\bin\jli.dll
0x00007ffee6f40000 - 0x00007ffee70ea000 	C:\WINDOWS\System32\USER32.dll
0x00007ffee4e70000 - 0x00007ffee4e96000 	C:\WINDOWS\System32\win32u.dll
0x00007ffee62e0000 - 0x00007ffee6309000 	C:\WINDOWS\System32\GDI32.dll
0x00007ffed4460000 - 0x00007ffed46ee000 	C:\WINDOWS\WinSxS\amd64_microsoft.windows.common-controls_6595b64144ccf1df_6.0.22621.1635_none_270f70857386168e\COMCTL32.dll
0x00007ffee5250000 - 0x00007ffee5369000 	C:\WINDOWS\System32\gdi32full.dll
0x00007ffee5b20000 - 0x00007ffee5bc7000 	C:\WINDOWS\System32\msvcrt.dll
0x00007ffee57b0000 - 0x00007ffee584a000 	C:\WINDOWS\System32\msvcp_win.dll
0x00007ffee6500000 - 0x00007ffee6531000 	C:\WINDOWS\System32\IMM32.DLL
0x00007ffe862d0000 - 0x00007ffe8636b000 	D:\Unity\Data Inti\2023.1.3f1\Editor\Data\PlaybackEngines\AndroidPlayer\OpenJDK\bin\msvcp140.dll
0x00007ffe6fff0000 - 0x00007ffe70b71000 	D:\Unity\Data Inti\2023.1.3f1\Editor\Data\PlaybackEngines\AndroidPlayer\OpenJDK\bin\server\jvm.dll
0x00007ffee5bd0000 - 0x00007ffee5c7e000 	C:\WINDOWS\System32\ADVAPI32.dll
0x00007ffee6450000 - 0x00007ffee64f4000 	C:\WINDOWS\System32\sechost.dll
0x00007ffee5d40000 - 0x00007ffee5e57000 	C:\WINDOWS\System32\RPCRT4.dll
0x00007ffee5b10000 - 0x00007ffee5b18000 	C:\WINDOWS\System32\PSAPI.DLL
0x00007ffeddbe0000 - 0x00007ffeddbe9000 	C:\WINDOWS\SYSTEM32\WSOCK32.dll
0x00007ffedd3f0000 - 0x00007ffedd3fa000 	C:\WINDOWS\SYSTEM32\VERSION.dll
0x00007ffee79b0000 - 0x00007ffee7a21000 	C:\WINDOWS\System32\WS2_32.dll
0x00007ffedd590000 - 0x00007ffedd5c4000 	C:\WINDOWS\SYSTEM32\WINMM.dll
0x00007ffee3f60000 - 0x00007ffee3f78000 	C:\WINDOWS\SYSTEM32\kernel.appcore.dll
0x00007ffedfd00000 - 0x00007ffedfd10000 	D:\Unity\Data Inti\2023.1.3f1\Editor\Data\PlaybackEngines\AndroidPlayer\OpenJDK\bin\verify.dll
0x00007ffee26f0000 - 0x00007ffee291e000 	C:\WINDOWS\SYSTEM32\DBGHELP.DLL
0x00007ffee7230000 - 0x00007ffee75b9000 	C:\WINDOWS\System32\combase.dll
0x00007ffee75d0000 - 0x00007ffee76a7000 	C:\WINDOWS\System32\OLEAUT32.dll
0x00007ffed2420000 - 0x00007ffed2452000 	C:\WINDOWS\SYSTEM32\dbgcore.DLL
0x00007ffee5730000 - 0x00007ffee57aa000 	C:\WINDOWS\System32\bcryptPrimitives.dll
0x00007ffe9d840000 - 0x00007ffe9d868000 	D:\Unity\Data Inti\2023.1.3f1\Editor\Data\PlaybackEngines\AndroidPlayer\OpenJDK\bin\java.dll
0x00007ffec2a40000 - 0x00007ffec2a4a000 	D:\Unity\Data Inti\2023.1.3f1\Editor\Data\PlaybackEngines\AndroidPlayer\OpenJDK\bin\jimage.dll
0x00007ffe862b0000 - 0x00007ffe862c8000 	D:\Unity\Data Inti\2023.1.3f1\Editor\Data\PlaybackEngines\AndroidPlayer\OpenJDK\bin\zip.dll

dbghelp: loaded successfully - version: 4.0.5 - missing functions: none
symbol engine: initialized successfully - sym options: 0x614 - pdb path: .;D:\Unity\Data Inti\2023.1.3f1\Editor\Data\PlaybackEngines\AndroidPlayer\OpenJDK\bin;C:\WINDOWS\SYSTEM32;C:\WINDOWS\WinSxS\amd64_microsoft.windows.common-controls_6595b64144ccf1df_6.0.22621.1635_none_270f70857386168e;D:\Unity\Data Inti\2023.1.3f1\Editor\Data\PlaybackEngines\AndroidPlayer\OpenJDK\bin\server

VM Arguments:
java_command: <unknown>
java_class_path (initial): <not set>
Launcher Type: SUN_STANDARD

[Global flags]
     intx CICompilerCount                          = 4                                         {product} {ergonomic}
     uint ConcGCThreads                            = 2                                         {product} {ergonomic}
     uint G1ConcRefinementThreads                  = 8                                         {product} {ergonomic}
   size_t G1HeapRegionSize                         = 1048576                                   {product} {ergonomic}
    uintx GCDrainStackTargetSize                   = 64                                        {product} {ergonomic}
   size_t InitialHeapSize                          = 130023424                                 {product} {ergonomic}
   size_t MarkStackSize                            = 4194304                                   {product} {ergonomic}
   size_t MaxHeapSize                              = 2067791872                                {product} {ergonomic}
   size_t MinHeapDeltaBytes                        = 1048576                                   {product} {ergonomic}
    uintx NonNMethodCodeHeapSize                   = 5836300                                {pd product} {ergonomic}
    uintx NonProfiledCodeHeapSize                  = 122910970                              {pd product} {ergonomic}
    uintx ProfiledCodeHeapSize                     = 122910970                              {pd product} {ergonomic}
    uintx ReservedCodeCacheSize                    = 251658240                              {pd product} {ergonomic}
     bool SegmentedCodeCache                       = true                                      {product} {ergonomic}
     bool UseCompressedClassPointers               = true                                 {lp64_product} {ergonomic}
     bool UseCompressedOops                        = true                                 {lp64_product} {ergonomic}
     bool UseG1GC                                  = true                                      {product} {ergonomic}
     bool UseLargePagesIndividualAllocation        = false                                  {pd product} {ergonomic}

Logging:
Log output configuration:
 #0: stdout all=warning uptime,level,tags
 #1: stderr all=off uptime,level,tags

Environment Variables:
JAVA_HOME=D:\Unity\Data Inti\2023.1.3f1\Editor\Data\PlaybackEngines\AndroidPlayer\OpenJDK
PATH=C:\ProgramData\Oracle\Java\javapath;C:\Program Files\Common Files\Oracle\Java\javapath;C:\Program Files (x86)\Common Files\Intel\Shared Libraries\redist\intel64_win\compiler;C:\Program Files (x86)\Common Files\Intel\Shared Libraries\redist\intel64\compiler;C:\Windows\system32;C:\Windows;C:\Windows\System32\Wbem;C:\Windows\System32\WindowsPowerShell\v1.0\;C:\Windows\System32\OpenSSH\;C:\Program Files (x86)\NVIDIA Corporation\PhysX\Common;C:\Program Files\NVIDIA Corporation\NVIDIA NvDLISR;C:\Users\ASUS\AppData\Local\Programs\Python\Python310\Scripts;C:\Users\ASUS\AppData\Local\Programs\Python\Python39;C:\Users\ASUS\AppData\Local\Programs\Python\Python39\Scripts;D:\JAVA\TEST 1\bin;C:\Program Files\dotnet\;D:\JAVA\TEST 1\src;C:\WINDOWS\system32;C:\WINDOWS;C:\WINDOWS\System32\Wbem;C:\WINDOWS\System32\WindowsPowerShell\v1.0\;C:\WINDOWS\System32\OpenSSH\;C:\Program Files\Git\cmd;D:\C#\Pelajaran 1;C:\Users\ASUS\AppData\Local\Microsoft\WindowsApps;C:\Users\ASUS\AppData\Local\Programs\Microsoft VS Code\bin;C:\msys64\mingw64\bin;D:\coding\PyCharm Community Edition 2022.2.1\bin;;C:\Users\ASUS\.dotnet\tools;C:\Users\ASUS\AppData\Local\GitHubDesktop\bin;
USERNAME=ASUS
OS=Windows_NT
PROCESSOR_IDENTIFIER=Intel64 Family 6 Model 126 Stepping 5, GenuineIntel



---------------  S Y S T E M  ---------------

OS: Windows 11 , 64 bit Build 22621 (10.0.22621.1928)
OS uptime: 0 days 6:54 hours
Hyper-V role detected

CPU:total 8 (initial active 8) (4 cores per cpu, 2 threads per core) family 6 model 126 stepping 5 microcode 0xa6, cmov, cx8, fxsr, mmx, sse, sse2, sse3, ssse3, sse4.1, sse4.2, popcnt, avx, avx2, aes, clmul, erms, 3dnowpref, lzcnt, ht, tsc, tscinvbit, bmi1, bmi2, adx, evex, sha, fma

Memory: 4k page, system-wide physical 7883M (624M free)
TotalPageFile size 16075M (AvailPageFile size 12M)
current process WorkingSet (physical memory assigned to process): 10M, peak: 10M
current process commit charge ("private bytes"): 60M, peak: 184M

vm_info: OpenJDK 64-Bit Server VM (11.0.14.1+1) for windows-amd64 JRE (11.0.14.1+1), built on Feb  9 2022 01:48:27 by "" with unknown MS VC++:1916

END.
