#
# There is insufficient memory for the Java Runtime Environment to continue.
# Native memory allocation (malloc) failed to allocate 209216 bytes for Chunk::new
# Possible reasons:
#   The system is out of physical RAM or swap space
#   The process is running with CompressedOops enabled, and the Java Heap may be blocking the growth of the native heap
# Possible solutions:
#   Reduce memory load on the system
#   Increase physical memory or swap space
#   Check if swap backing store is full
#   Decrease Java heap size (-Xmx/-Xms)
#   Decrease number of Java threads
#   Decrease Java thread stack sizes (-Xss)
#   Set larger code cache with -XX:ReservedCodeCacheSize=
#   JVM is running with Unscaled Compressed Oops mode in which the Java heap is
#     placed in the first 4GB address space. The Java Heap base address is the
#     maximum limit for the native heap growth. Please use -XX:HeapBaseMinAddress
#     to set the Java Heap base and to place the Java Heap above 4GB virtual address.
# This output file may be truncated or incomplete.
#
#  Out of Memory Error (./src/hotspot/share/memory/arena.cpp:197), pid=11260, tid=13584
#
# JRE version: OpenJDK Runtime Environment Temurin-11.0.14.1+1 (11.0.14.1+1) (build 11.0.14.1+1)
# Java VM: OpenJDK 64-Bit Server VM Temurin-11.0.14.1+1 (11.0.14.1+1, mixed mode, tiered, compressed oops, g1 gc, windows-amd64)
# No core dump will be written. Minidumps are not enabled by default on client versions of Windows
#

---------------  S U M M A R Y ------------

Command Line: -Dcom.android.sdklib.toolsdir=D:\UNITY\Data Inti\2023.1.3f1\Editor\Data\PlaybackEngines\AndroidPlayer\SDK\cmdline-tools\6.0\bin\\.. com.android.sdklib.tool.sdkmanager.SdkManagerCli --list

Host: Intel(R) Core(TM) i5-1035G1 CPU @ 1.00GHz, 8 cores, 7G,  Windows 11 , 64 bit Build 22621 (10.0.22621.1928)
Time: Thu Jul 13 00:16:25 2023 China Standard Time elapsed time: 1.237374 seconds (0d 0h 0m 1s)

---------------  T H R E A D  ---------------

Current thread (0x000001746c59a000):  JavaThread "C2 CompilerThread0" daemon [_thread_in_native, id=13584, stack(0x0000004c00b00000,0x0000004c00c00000)]


Current CompileTask:
C2:   1237 1716       4       java.lang.reflect.ProxyGenerator$ConstantPool::getUtf8 (18 bytes)

Stack: [0x0000004c00b00000,0x0000004c00c00000]
Native frames: (J=compiled Java code, j=interpreted, Vv=VM code, C=native code)
V  [jvm.dll+0x61e59a]
V  [jvm.dll+0x7aaca9]
V  [jvm.dll+0x7ac398]
V  [jvm.dll+0x7aca73]
V  [jvm.dll+0x24f9b8]
V  [jvm.dll+0xc260c]
V  [jvm.dll+0xc2bcc]
V  [jvm.dll+0x2c1884]
V  [jvm.dll+0x52d899]
V  [jvm.dll+0x20a2f9]
V  [jvm.dll+0x207ccb]
V  [jvm.dll+0x18a2c1]
V  [jvm.dll+0x217734]
V  [jvm.dll+0x21597b]
V  [jvm.dll+0x76d7c0]
V  [jvm.dll+0x766724]
V  [jvm.dll+0x61d3f6]
C  [ucrtbase.dll+0x29363]
C  [KERNEL32.DLL+0x126ad]
C  [ntdll.dll+0x5aa68]


---------------  P R O C E S S  ---------------

Threads class SMR info:
_java_thread_list=0x000001746ccf05a0, length=11, elements={
0x00000174447aa000, 0x000001746bc2c800, 0x000001746bc32000, 0x000001746c591800,
0x000001746c593000, 0x000001746c595000, 0x000001746c59a000, 0x000001746c540800,
0x000001746c545000, 0x000001746c701000, 0x000001746cd0a800
}

Java Threads: ( => current thread )
  0x00000174447aa000 JavaThread "main" [_thread_in_vm, id=3116, stack(0x0000004c7ff00000,0x0000004c80000000)]
  0x000001746bc2c800 JavaThread "Reference Handler" daemon [_thread_blocked, id=120, stack(0x0000004c00600000,0x0000004c00700000)]
  0x000001746bc32000 JavaThread "Finalizer" daemon [_thread_blocked, id=5036, stack(0x0000004c00700000,0x0000004c00800000)]
  0x000001746c591800 JavaThread "Signal Dispatcher" daemon [_thread_blocked, id=21096, stack(0x0000004c00800000,0x0000004c00900000)]
  0x000001746c593000 JavaThread "Attach Listener" daemon [_thread_blocked, id=20240, stack(0x0000004c00900000,0x0000004c00a00000)]
  0x000001746c595000 JavaThread "Service Thread" daemon [_thread_blocked, id=20288, stack(0x0000004c00a00000,0x0000004c00b00000)]
=>0x000001746c59a000 JavaThread "C2 CompilerThread0" daemon [_thread_in_native, id=13584, stack(0x0000004c00b00000,0x0000004c00c00000)]
  0x000001746c540800 JavaThread "C1 CompilerThread0" daemon [_thread_blocked, id=3128, stack(0x0000004c00c00000,0x0000004c00d00000)]
  0x000001746c545000 JavaThread "Sweeper thread" daemon [_thread_blocked, id=22128, stack(0x0000004c00d00000,0x0000004c00e00000)]
  0x000001746c701000 JavaThread "Common-Cleaner" daemon [_thread_blocked, id=16848, stack(0x0000004c00f00000,0x0000004c01000000)]
  0x000001746cd0a800 JavaThread "C2 CompilerThread1" daemon [_thread_in_native, id=4344, stack(0x0000004c01000000,0x0000004c01100000)]

Other Threads:
  0x000001746bc1b000 VMThread "VM Thread" [stack: 0x0000004c00500000,0x0000004c00600000] [id=8332]
  0x000001746c6fc800 WatcherThread [stack: 0x0000004c00e00000,0x0000004c00f00000] [id=20156]
  0x00000174447c1800 GCTaskThread "GC Thread#0" [stack: 0x0000004c00000000,0x0000004c00100000] [id=16352]
  0x000001746d128800 GCTaskThread "GC Thread#1" [stack: 0x0000004c01100000,0x0000004c01200000] [id=16728]
  0x00000174447f8800 ConcurrentGCThread "G1 Main Marker" [stack: 0x0000004c00100000,0x0000004c00200000] [id=10128]
  0x00000174447fa800 ConcurrentGCThread "G1 Conc#0" [stack: 0x0000004c00200000,0x0000004c00300000] [id=19748]
  0x000001746ba50800 ConcurrentGCThread "G1 Refine#0" [stack: 0x0000004c00300000,0x0000004c00400000] [id=5936]
  0x000001746ba51800 ConcurrentGCThread "G1 Young RemSet Sampling" [stack: 0x0000004c00400000,0x0000004c00500000] [id=19416]

Threads with active compile tasks:
C2 CompilerThread0   1255 1716       4       java.lang.reflect.ProxyGenerator$ConstantPool::getUtf8 (18 bytes)
C2 CompilerThread1   1255 1717       4       java.lang.reflect.ProxyGenerator$ConstantPool::getValue (87 bytes)

VM state:not at safepoint (normal execution)

VM Mutex/Monitor currently owned by a thread: None

Heap address: 0x0000000084c00000, size: 1972 MB, Compressed Oops mode: 32-bit
Narrow klass base: 0x0000000000000000, Narrow klass shift: 3
Compressed class space size: 1073741824 Address: 0x0000000100000000

Heap:
 garbage-first heap   total 126976K, used 14752K [0x0000000084c00000, 0x0000000100000000)
  region size 1024K, 15 young (15360K), 3 survivors (3072K)
 Metaspace       used 17726K, capacity 18008K, committed 18304K, reserved 1081344K
  class space    used 1760K, capacity 1857K, committed 1920K, reserved 1048576K
Heap Regions: E=young(eden), S=young(survivor), O=old, HS=humongous(starts), HC=humongous(continues), CS=collection set, F=free, A=archive, TAMS=top-at-mark-start (previous, next)
|   0|0x0000000084c00000, 0x0000000084c00000, 0x0000000084d00000|  0%| F|  |TAMS 0x0000000084c00000, 0x0000000084c00000| Untracked 
|   1|0x0000000084d00000, 0x0000000084d68200, 0x0000000084e00000| 40%| O|  |TAMS 0x0000000084d00000, 0x0000000084d00000| Untracked 
|   2|0x0000000084e00000, 0x0000000084e00000, 0x0000000084f00000|  0%| F|  |TAMS 0x0000000084e00000, 0x0000000084e00000| Untracked 
|   3|0x0000000084f00000, 0x0000000084f00000, 0x0000000085000000|  0%| F|  |TAMS 0x0000000084f00000, 0x0000000084f00000| Untracked 
|   4|0x0000000085000000, 0x0000000085000000, 0x0000000085100000|  0%| F|  |TAMS 0x0000000085000000, 0x0000000085000000| Untracked 
|   5|0x0000000085100000, 0x0000000085100000, 0x0000000085200000|  0%| F|  |TAMS 0x0000000085100000, 0x0000000085100000| Untracked 
|   6|0x0000000085200000, 0x0000000085200000, 0x0000000085300000|  0%| F|  |TAMS 0x0000000085200000, 0x0000000085200000| Untracked 
|   7|0x0000000085300000, 0x0000000085300000, 0x0000000085400000|  0%| F|  |TAMS 0x0000000085300000, 0x0000000085300000| Untracked 
|   8|0x0000000085400000, 0x0000000085400000, 0x0000000085500000|  0%| F|  |TAMS 0x0000000085400000, 0x0000000085400000| Untracked 
|   9|0x0000000085500000, 0x0000000085500000, 0x0000000085600000|  0%| F|  |TAMS 0x0000000085500000, 0x0000000085500000| Untracked 
|  10|0x0000000085600000, 0x0000000085600000, 0x0000000085700000|  0%| F|  |TAMS 0x0000000085600000, 0x0000000085600000| Untracked 
|  11|0x0000000085700000, 0x0000000085700000, 0x0000000085800000|  0%| F|  |TAMS 0x0000000085700000, 0x0000000085700000| Untracked 
|  12|0x0000000085800000, 0x0000000085800000, 0x0000000085900000|  0%| F|  |TAMS 0x0000000085800000, 0x0000000085800000| Untracked 
|  13|0x0000000085900000, 0x0000000085900000, 0x0000000085a00000|  0%| F|  |TAMS 0x0000000085900000, 0x0000000085900000| Untracked 
|  14|0x0000000085a00000, 0x0000000085a00000, 0x0000000085b00000|  0%| F|  |TAMS 0x0000000085a00000, 0x0000000085a00000| Untracked 
|  15|0x0000000085b00000, 0x0000000085b00000, 0x0000000085c00000|  0%| F|  |TAMS 0x0000000085b00000, 0x0000000085b00000| Untracked 
|  16|0x0000000085c00000, 0x0000000085c00000, 0x0000000085d00000|  0%| F|  |TAMS 0x0000000085c00000, 0x0000000085c00000| Untracked 
|  17|0x0000000085d00000, 0x0000000085d00000, 0x0000000085e00000|  0%| F|  |TAMS 0x0000000085d00000, 0x0000000085d00000| Untracked 
|  18|0x0000000085e00000, 0x0000000085e00000, 0x0000000085f00000|  0%| F|  |TAMS 0x0000000085e00000, 0x0000000085e00000| Untracked 
|  19|0x0000000085f00000, 0x0000000085f00000, 0x0000000086000000|  0%| F|  |TAMS 0x0000000085f00000, 0x0000000085f00000| Untracked 
|  20|0x0000000086000000, 0x0000000086000000, 0x0000000086100000|  0%| F|  |TAMS 0x0000000086000000, 0x0000000086000000| Untracked 
|  21|0x0000000086100000, 0x0000000086100000, 0x0000000086200000|  0%| F|  |TAMS 0x0000000086100000, 0x0000000086100000| Untracked 
|  22|0x0000000086200000, 0x0000000086200000, 0x0000000086300000|  0%| F|  |TAMS 0x0000000086200000, 0x0000000086200000| Untracked 
|  23|0x0000000086300000, 0x0000000086300000, 0x0000000086400000|  0%| F|  |TAMS 0x0000000086300000, 0x0000000086300000| Untracked 
|  24|0x0000000086400000, 0x0000000086400000, 0x0000000086500000|  0%| F|  |TAMS 0x0000000086400000, 0x0000000086400000| Untracked 
|  25|0x0000000086500000, 0x0000000086500000, 0x0000000086600000|  0%| F|  |TAMS 0x0000000086500000, 0x0000000086500000| Untracked 
|  26|0x0000000086600000, 0x0000000086600000, 0x0000000086700000|  0%| F|  |TAMS 0x0000000086600000, 0x0000000086600000| Untracked 
|  27|0x0000000086700000, 0x0000000086700000, 0x0000000086800000|  0%| F|  |TAMS 0x0000000086700000, 0x0000000086700000| Untracked 
|  28|0x0000000086800000, 0x0000000086800000, 0x0000000086900000|  0%| F|  |TAMS 0x0000000086800000, 0x0000000086800000| Untracked 
|  29|0x0000000086900000, 0x0000000086900000, 0x0000000086a00000|  0%| F|  |TAMS 0x0000000086900000, 0x0000000086900000| Untracked 
|  30|0x0000000086a00000, 0x0000000086a00000, 0x0000000086b00000|  0%| F|  |TAMS 0x0000000086a00000, 0x0000000086a00000| Untracked 
|  31|0x0000000086b00000, 0x0000000086b00000, 0x0000000086c00000|  0%| F|  |TAMS 0x0000000086b00000, 0x0000000086b00000| Untracked 
|  32|0x0000000086c00000, 0x0000000086c00000, 0x0000000086d00000|  0%| F|  |TAMS 0x0000000086c00000, 0x0000000086c00000| Untracked 
|  33|0x0000000086d00000, 0x0000000086d00000, 0x0000000086e00000|  0%| F|  |TAMS 0x0000000086d00000, 0x0000000086d00000| Untracked 
|  34|0x0000000086e00000, 0x0000000086e00000, 0x0000000086f00000|  0%| F|  |TAMS 0x0000000086e00000, 0x0000000086e00000| Untracked 
|  35|0x0000000086f00000, 0x0000000086f00000, 0x0000000087000000|  0%| F|  |TAMS 0x0000000086f00000, 0x0000000086f00000| Untracked 
|  36|0x0000000087000000, 0x0000000087000000, 0x0000000087100000|  0%| F|  |TAMS 0x0000000087000000, 0x0000000087000000| Untracked 
|  37|0x0000000087100000, 0x0000000087100000, 0x0000000087200000|  0%| F|  |TAMS 0x0000000087100000, 0x0000000087100000| Untracked 
|  38|0x0000000087200000, 0x0000000087200000, 0x0000000087300000|  0%| F|  |TAMS 0x0000000087200000, 0x0000000087200000| Untracked 
|  39|0x0000000087300000, 0x0000000087300000, 0x0000000087400000|  0%| F|  |TAMS 0x0000000087300000, 0x0000000087300000| Untracked 
|  40|0x0000000087400000, 0x0000000087400000, 0x0000000087500000|  0%| F|  |TAMS 0x0000000087400000, 0x0000000087400000| Untracked 
|  41|0x0000000087500000, 0x0000000087500000, 0x0000000087600000|  0%| F|  |TAMS 0x0000000087500000, 0x0000000087500000| Untracked 
|  42|0x0000000087600000, 0x0000000087600000, 0x0000000087700000|  0%| F|  |TAMS 0x0000000087600000, 0x0000000087600000| Untracked 
|  43|0x0000000087700000, 0x0000000087700000, 0x0000000087800000|  0%| F|  |TAMS 0x0000000087700000, 0x0000000087700000| Untracked 
|  44|0x0000000087800000, 0x0000000087800000, 0x0000000087900000|  0%| F|  |TAMS 0x0000000087800000, 0x0000000087800000| Untracked 
|  45|0x0000000087900000, 0x0000000087900000, 0x0000000087a00000|  0%| F|  |TAMS 0x0000000087900000, 0x0000000087900000| Untracked 
|  46|0x0000000087a00000, 0x0000000087a00000, 0x0000000087b00000|  0%| F|  |TAMS 0x0000000087a00000, 0x0000000087a00000| Untracked 
|  47|0x0000000087b00000, 0x0000000087b00000, 0x0000000087c00000|  0%| F|  |TAMS 0x0000000087b00000, 0x0000000087b00000| Untracked 
|  48|0x0000000087c00000, 0x0000000087c00000, 0x0000000087d00000|  0%| F|  |TAMS 0x0000000087c00000, 0x0000000087c00000| Untracked 
|  49|0x0000000087d00000, 0x0000000087d00000, 0x0000000087e00000|  0%| F|  |TAMS 0x0000000087d00000, 0x0000000087d00000| Untracked 
|  50|0x0000000087e00000, 0x0000000087e00000, 0x0000000087f00000|  0%| F|  |TAMS 0x0000000087e00000, 0x0000000087e00000| Untracked 
|  51|0x0000000087f00000, 0x0000000087f00000, 0x0000000088000000|  0%| F|  |TAMS 0x0000000087f00000, 0x0000000087f00000| Untracked 
|  52|0x0000000088000000, 0x0000000088000000, 0x0000000088100000|  0%| F|  |TAMS 0x0000000088000000, 0x0000000088000000| Untracked 
|  53|0x0000000088100000, 0x0000000088100000, 0x0000000088200000|  0%| F|  |TAMS 0x0000000088100000, 0x0000000088100000| Untracked 
|  54|0x0000000088200000, 0x0000000088200000, 0x0000000088300000|  0%| F|  |TAMS 0x0000000088200000, 0x0000000088200000| Untracked 
|  55|0x0000000088300000, 0x0000000088300000, 0x0000000088400000|  0%| F|  |TAMS 0x0000000088300000, 0x0000000088300000| Untracked 
|  56|0x0000000088400000, 0x0000000088400000, 0x0000000088500000|  0%| F|  |TAMS 0x0000000088400000, 0x0000000088400000| Untracked 
|  57|0x0000000088500000, 0x0000000088500000, 0x0000000088600000|  0%| F|  |TAMS 0x0000000088500000, 0x0000000088500000| Untracked 
|  58|0x0000000088600000, 0x0000000088600000, 0x0000000088700000|  0%| F|  |TAMS 0x0000000088600000, 0x0000000088600000| Untracked 
|  59|0x0000000088700000, 0x0000000088700000, 0x0000000088800000|  0%| F|  |TAMS 0x0000000088700000, 0x0000000088700000| Untracked 
|  60|0x0000000088800000, 0x0000000088800000, 0x0000000088900000|  0%| F|  |TAMS 0x0000000088800000, 0x0000000088800000| Untracked 
|  61|0x0000000088900000, 0x0000000088900000, 0x0000000088a00000|  0%| F|  |TAMS 0x0000000088900000, 0x0000000088900000| Untracked 
|  62|0x0000000088a00000, 0x0000000088a00000, 0x0000000088b00000|  0%| F|  |TAMS 0x0000000088a00000, 0x0000000088a00000| Untracked 
|  63|0x0000000088b00000, 0x0000000088b00000, 0x0000000088c00000|  0%| F|  |TAMS 0x0000000088b00000, 0x0000000088b00000| Untracked 
|  64|0x0000000088c00000, 0x0000000088c00000, 0x0000000088d00000|  0%| F|  |TAMS 0x0000000088c00000, 0x0000000088c00000| Untracked 
|  65|0x0000000088d00000, 0x0000000088d00000, 0x0000000088e00000|  0%| F|  |TAMS 0x0000000088d00000, 0x0000000088d00000| Untracked 
|  66|0x0000000088e00000, 0x0000000088e00000, 0x0000000088f00000|  0%| F|  |TAMS 0x0000000088e00000, 0x0000000088e00000| Untracked 
|  67|0x0000000088f00000, 0x0000000088f00000, 0x0000000089000000|  0%| F|  |TAMS 0x0000000088f00000, 0x0000000088f00000| Untracked 
|  68|0x0000000089000000, 0x0000000089000000, 0x0000000089100000|  0%| F|  |TAMS 0x0000000089000000, 0x0000000089000000| Untracked 
|  69|0x0000000089100000, 0x0000000089100000, 0x0000000089200000|  0%| F|  |TAMS 0x0000000089100000, 0x0000000089100000| Untracked 
|  70|0x0000000089200000, 0x0000000089200000, 0x0000000089300000|  0%| F|  |TAMS 0x0000000089200000, 0x0000000089200000| Untracked 
|  71|0x0000000089300000, 0x0000000089300000, 0x0000000089400000|  0%| F|  |TAMS 0x0000000089300000, 0x0000000089300000| Untracked 
|  72|0x0000000089400000, 0x0000000089400000, 0x0000000089500000|  0%| F|  |TAMS 0x0000000089400000, 0x0000000089400000| Untracked 
|  73|0x0000000089500000, 0x0000000089500000, 0x0000000089600000|  0%| F|  |TAMS 0x0000000089500000, 0x0000000089500000| Untracked 
|  74|0x0000000089600000, 0x0000000089600000, 0x0000000089700000|  0%| F|  |TAMS 0x0000000089600000, 0x0000000089600000| Untracked 
|  75|0x0000000089700000, 0x0000000089700000, 0x0000000089800000|  0%| F|  |TAMS 0x0000000089700000, 0x0000000089700000| Untracked 
|  76|0x0000000089800000, 0x0000000089800000, 0x0000000089900000|  0%| F|  |TAMS 0x0000000089800000, 0x0000000089800000| Untracked 
|  77|0x0000000089900000, 0x0000000089900000, 0x0000000089a00000|  0%| F|  |TAMS 0x0000000089900000, 0x0000000089900000| Untracked 
|  78|0x0000000089a00000, 0x0000000089a00000, 0x0000000089b00000|  0%| F|  |TAMS 0x0000000089a00000, 0x0000000089a00000| Untracked 
|  79|0x0000000089b00000, 0x0000000089b00000, 0x0000000089c00000|  0%| F|  |TAMS 0x0000000089b00000, 0x0000000089b00000| Untracked 
|  80|0x0000000089c00000, 0x0000000089c00000, 0x0000000089d00000|  0%| F|  |TAMS 0x0000000089c00000, 0x0000000089c00000| Untracked 
|  81|0x0000000089d00000, 0x0000000089d00000, 0x0000000089e00000|  0%| F|  |TAMS 0x0000000089d00000, 0x0000000089d00000| Untracked 
|  82|0x0000000089e00000, 0x0000000089e00000, 0x0000000089f00000|  0%| F|  |TAMS 0x0000000089e00000, 0x0000000089e00000| Untracked 
|  83|0x0000000089f00000, 0x0000000089f00000, 0x000000008a000000|  0%| F|  |TAMS 0x0000000089f00000, 0x0000000089f00000| Untracked 
|  84|0x000000008a000000, 0x000000008a000000, 0x000000008a100000|  0%| F|  |TAMS 0x000000008a000000, 0x000000008a000000| Untracked 
|  85|0x000000008a100000, 0x000000008a100000, 0x000000008a200000|  0%| F|  |TAMS 0x000000008a100000, 0x000000008a100000| Untracked 
|  86|0x000000008a200000, 0x000000008a200000, 0x000000008a300000|  0%| F|  |TAMS 0x000000008a200000, 0x000000008a200000| Untracked 
|  87|0x000000008a300000, 0x000000008a300000, 0x000000008a400000|  0%| F|  |TAMS 0x000000008a300000, 0x000000008a300000| Untracked 
|  88|0x000000008a400000, 0x000000008a400000, 0x000000008a500000|  0%| F|  |TAMS 0x000000008a400000, 0x000000008a400000| Untracked 
|  89|0x000000008a500000, 0x000000008a500000, 0x000000008a600000|  0%| F|  |TAMS 0x000000008a500000, 0x000000008a500000| Untracked 
|  90|0x000000008a600000, 0x000000008a600000, 0x000000008a700000|  0%| F|  |TAMS 0x000000008a600000, 0x000000008a600000| Untracked 
|  91|0x000000008a700000, 0x000000008a700000, 0x000000008a800000|  0%| F|  |TAMS 0x000000008a700000, 0x000000008a700000| Untracked 
|  92|0x000000008a800000, 0x000000008a800000, 0x000000008a900000|  0%| F|  |TAMS 0x000000008a800000, 0x000000008a800000| Untracked 
|  93|0x000000008a900000, 0x000000008a900000, 0x000000008aa00000|  0%| F|  |TAMS 0x000000008a900000, 0x000000008a900000| Untracked 
|  94|0x000000008aa00000, 0x000000008aa00000, 0x000000008ab00000|  0%| F|  |TAMS 0x000000008aa00000, 0x000000008aa00000| Untracked 
|  95|0x000000008ab00000, 0x000000008ab00000, 0x000000008ac00000|  0%| F|  |TAMS 0x000000008ab00000, 0x000000008ab00000| Untracked 
|  96|0x000000008ac00000, 0x000000008ac00000, 0x000000008ad00000|  0%| F|  |TAMS 0x000000008ac00000, 0x000000008ac00000| Untracked 
|  97|0x000000008ad00000, 0x000000008ae00000, 0x000000008ae00000|100%| S|CS|TAMS 0x000000008ad00000, 0x000000008ad00000| Complete 
|  98|0x000000008ae00000, 0x000000008af00000, 0x000000008af00000|100%| S|CS|TAMS 0x000000008ae00000, 0x000000008ae00000| Complete 
|  99|0x000000008af00000, 0x000000008b000000, 0x000000008b000000|100%| S|CS|TAMS 0x000000008af00000, 0x000000008af00000| Complete 
| 100|0x000000008b000000, 0x000000008b000000, 0x000000008b100000|  0%| F|  |TAMS 0x000000008b000000, 0x000000008b000000| Untracked 
| 101|0x000000008b100000, 0x000000008b100000, 0x000000008b200000|  0%| F|  |TAMS 0x000000008b100000, 0x000000008b100000| Untracked 
| 102|0x000000008b200000, 0x000000008b200000, 0x000000008b300000|  0%| F|  |TAMS 0x000000008b200000, 0x000000008b200000| Untracked 
| 103|0x000000008b300000, 0x000000008b300000, 0x000000008b400000|  0%| F|  |TAMS 0x000000008b300000, 0x000000008b300000| Untracked 
| 104|0x000000008b400000, 0x000000008b400000, 0x000000008b500000|  0%| F|  |TAMS 0x000000008b400000, 0x000000008b400000| Untracked 
| 105|0x000000008b500000, 0x000000008b500000, 0x000000008b600000|  0%| F|  |TAMS 0x000000008b500000, 0x000000008b500000| Untracked 
| 106|0x000000008b600000, 0x000000008b600000, 0x000000008b700000|  0%| F|  |TAMS 0x000000008b600000, 0x000000008b600000| Untracked 
| 107|0x000000008b700000, 0x000000008b700000, 0x000000008b800000|  0%| F|  |TAMS 0x000000008b700000, 0x000000008b700000| Untracked 
| 108|0x000000008b800000, 0x000000008b800000, 0x000000008b900000|  0%| F|  |TAMS 0x000000008b800000, 0x000000008b800000| Untracked 
| 109|0x000000008b900000, 0x000000008b900000, 0x000000008ba00000|  0%| F|  |TAMS 0x000000008b900000, 0x000000008b900000| Untracked 
| 110|0x000000008ba00000, 0x000000008ba00000, 0x000000008bb00000|  0%| F|  |TAMS 0x000000008ba00000, 0x000000008ba00000| Untracked 
| 111|0x000000008bb00000, 0x000000008bb00000, 0x000000008bc00000|  0%| F|  |TAMS 0x000000008bb00000, 0x000000008bb00000| Untracked 
| 112|0x000000008bc00000, 0x000000008bd00000, 0x000000008bd00000|100%| E|  |TAMS 0x000000008bc00000, 0x000000008bc00000| Complete 
| 113|0x000000008bd00000, 0x000000008be00000, 0x000000008be00000|100%| E|CS|TAMS 0x000000008bd00000, 0x000000008bd00000| Complete 
| 114|0x000000008be00000, 0x000000008bf00000, 0x000000008bf00000|100%| E|CS|TAMS 0x000000008be00000, 0x000000008be00000| Complete 
| 115|0x000000008bf00000, 0x000000008c000000, 0x000000008c000000|100%| E|CS|TAMS 0x000000008bf00000, 0x000000008bf00000| Complete 
| 116|0x000000008c000000, 0x000000008c100000, 0x000000008c100000|100%| E|CS|TAMS 0x000000008c000000, 0x000000008c000000| Complete 
| 117|0x000000008c100000, 0x000000008c200000, 0x000000008c200000|100%| E|CS|TAMS 0x000000008c100000, 0x000000008c100000| Complete 
| 118|0x000000008c200000, 0x000000008c300000, 0x000000008c300000|100%| E|CS|TAMS 0x000000008c200000, 0x000000008c200000| Complete 
| 119|0x000000008c300000, 0x000000008c400000, 0x000000008c400000|100%| E|CS|TAMS 0x000000008c300000, 0x000000008c300000| Complete 
| 120|0x000000008c400000, 0x000000008c500000, 0x000000008c500000|100%| E|CS|TAMS 0x000000008c400000, 0x000000008c400000| Complete 
| 121|0x000000008c500000, 0x000000008c600000, 0x000000008c600000|100%| E|CS|TAMS 0x000000008c500000, 0x000000008c500000| Complete 
| 122|0x000000008c600000, 0x000000008c700000, 0x000000008c700000|100%| E|CS|TAMS 0x000000008c600000, 0x000000008c600000| Complete 
| 123|0x000000008c700000, 0x000000008c800000, 0x000000008c800000|100%| E|CS|TAMS 0x000000008c700000, 0x000000008c700000| Complete 

Card table byte_map: [0x0000017464c50000,0x0000017465030000] _byte_map_base: 0x000001746482a000

Marking Bits (Prev, Next): (CMBitMap*) 0x00000174447eed58, (CMBitMap*) 0x00000174447eed90
 Prev Bits: [0x0000017465410000, 0x00000174672e0000)
 Next Bits: [0x00000174672e0000, 0x00000174691b0000)

Polling page: 0x0000017442700000

Metaspace:

Usage:
  Non-class:     15.84 MB capacity,    15.62 MB ( 99%) used,   196.06 KB (  1%) free+waste,    28.38 KB ( <1%) overhead. 
      Class:      1.82 MB capacity,     1.73 MB ( 95%) used,    81.13 KB (  4%) free+waste,    12.38 KB ( <1%) overhead. 
       Both:     17.66 MB capacity,    17.34 MB ( 98%) used,   277.20 KB (  2%) free+waste,    40.75 KB ( <1%) overhead. 

Virtual space:
  Non-class space:       32.00 MB reserved,      16.00 MB ( 50%) committed 
      Class space:        1.00 GB reserved,       1.88 MB ( <1%) committed 
             Both:        1.03 GB reserved,      17.88 MB (  2%) committed 

Chunk freelists:
   Non-Class:  37.00 KB
       Class:  0 bytes
        Both:  37.00 KB

MaxMetaspaceSize: 17179869184.00 GB
CompressedClassSpaceSize: 1.00 GB
Initial GC threshold: 20.80 MB
Current GC threshold: 20.80 MB
CDS: off

CodeHeap 'non-profiled nmethods': size=120000Kb used=546Kb max_used=546Kb free=119453Kb
 bounds [0x000001745d010000, 0x000001745d280000, 0x0000017464540000]
CodeHeap 'profiled nmethods': size=120000Kb used=3281Kb max_used=3281Kb free=116718Kb
 bounds [0x0000017455ae0000, 0x0000017455e20000, 0x000001745d010000]
CodeHeap 'non-nmethods': size=5760Kb used=1182Kb max_used=1192Kb free=4578Kb
 bounds [0x0000017455540000, 0x00000174557b0000, 0x0000017455ae0000]
 total_blobs=2190 nmethods=1756 adapters=347
 compilation: enabled
              stopped_count=0, restarted_count=0
 full_count=0

Compilation events (20 events):
Event: 1.228 Thread 0x000001746c59a000 1716       4       java.lang.reflect.ProxyGenerator$ConstantPool::getUtf8 (18 bytes)
Event: 1.228 Thread 0x000001746c540800 nmethod 1714 0x0000017455dfae10 code [0x0000017455dfb080, 0x0000017455dfbab8]
Event: 1.228 Thread 0x000001746c540800 1715       3       java.util.Collections$UnmodifiableList::get (11 bytes)
Event: 1.229 Thread 0x000001746c540800 nmethod 1715 0x0000017455dfbf10 code [0x0000017455dfc0c0, 0x0000017455dfc288]
Event: 1.229 Thread 0x000001746c540800 1720       3       java.util.TreeSet::iterator (15 bytes)
Event: 1.229 Thread 0x000001746c540800 nmethod 1720 0x0000017455dfc390 code [0x0000017455dfc560, 0x0000017455dfc7d8]
Event: 1.229 Thread 0x000001746c540800 1721       3       java.util.TreeMap::navigableKeySet (27 bytes)
Event: 1.229 Thread 0x000001746c540800 nmethod 1721 0x0000017455dfc910 code [0x0000017455dfcae0, 0x0000017455dfceb8]
Event: 1.231 Thread 0x000001746c540800 1722       3       jdk.internal.reflect.ClassFileAssembler::emitConstantPoolNameAndType (28 bytes)
Event: 1.231 Thread 0x000001746c540800 nmethod 1722 0x0000017455dfd010 code [0x0000017455dfd260, 0x0000017455dfd8e8]
Event: 1.231 Thread 0x000001746c540800 1723       1       sun.reflect.generics.tree.MethodTypeSignature::getParameterTypes (5 bytes)
Event: 1.231 Thread 0x000001746c540800 nmethod 1723 0x000001745d095d10 code [0x000001745d095ec0, 0x000001745d095f78]
Event: 1.232 Thread 0x000001746c540800 1724       3       javax.xml.namespace.QName::hashCode (16 bytes)
Event: 1.232 Thread 0x000001746c540800 nmethod 1724 0x0000017455dfdc90 code [0x0000017455dfde60, 0x0000017455dfdff8]
Event: 1.233 Thread 0x000001746cd0a800 nmethod 1705 0x000001745d096010 code [0x000001745d0961e0, 0x000001745d0968f8]
Event: 1.233 Thread 0x000001746cd0a800 1717       4       java.lang.reflect.ProxyGenerator$ConstantPool::getValue (87 bytes)
Event: 1.233 Thread 0x000001746c540800 1725       3       java.util.AbstractCollection::toArray (144 bytes)
Event: 1.234 Thread 0x000001746c540800 nmethod 1725 0x0000017455dfe110 code [0x0000017455dfe3e0, 0x0000017455dff4f8]
Event: 1.235 Thread 0x000001746c540800 1726       3       java.lang.Throwable::<init> (34 bytes)
Event: 1.236 Thread 0x000001746c540800 nmethod 1726 0x0000017455dff910 code [0x0000017455dffae0, 0x0000017455dffea8]

GC Heap History (2 events):
Event: 0.858 GC heap before
{Heap before GC invocations=0 (full 0):
 garbage-first heap   total 126976K, used 24576K [0x0000000084c00000, 0x0000000100000000)
  region size 1024K, 24 young (24576K), 0 survivors (0K)
 Metaspace       used 13467K, capacity 13668K, committed 13696K, reserved 1060864K
  class space    used 1321K, capacity 1394K, committed 1408K, reserved 1048576K
}
Event: 0.864 GC heap after
{Heap after GC invocations=1 (full 0):
 garbage-first heap   total 126976K, used 3488K [0x0000000084c00000, 0x0000000100000000)
  region size 1024K, 3 young (3072K), 3 survivors (3072K)
 Metaspace       used 13467K, capacity 13668K, committed 13696K, reserved 1060864K
  class space    used 1321K, capacity 1394K, committed 1408K, reserved 1048576K
}

Deoptimization events (20 events):
Event: 1.140 Thread 0x00000174447aa000 Uncommon trap: trap_request=0xffffffc6 fr.pc=0x000001745d0618b0 relative=0x00000000000003d0
Event: 1.140 Thread 0x00000174447aa000 Uncommon trap: reason=bimorphic_or_optimized_type_check action=maybe_recompile pc=0x000001745d0618b0 method=java.util.HashMap.getNode(ILjava/lang/Object;)Ljava/util/HashMap$Node; @ 126 c2
Event: 1.140 Thread 0x00000174447aa000 DEOPT PACKING pc=0x000001745d0618b0 sp=0x0000004c7fffe2a0
Event: 1.140 Thread 0x00000174447aa000 DEOPT UNPACKING pc=0x00000174555485af sp=0x0000004c7fffe1b8 mode 2
Event: 1.151 Thread 0x00000174447aa000 Uncommon trap: trap_request=0xffffff4d fr.pc=0x000001745d079c5c relative=0x00000000000001bc
Event: 1.151 Thread 0x00000174447aa000 Uncommon trap: reason=unstable_if action=reinterpret pc=0x000001745d079c5c method=java.lang.String.startsWith(Ljava/lang/String;I)Z @ 1 c2
Event: 1.151 Thread 0x00000174447aa000 DEOPT PACKING pc=0x000001745d079c5c sp=0x0000004c7fffbbf0
Event: 1.151 Thread 0x00000174447aa000 DEOPT UNPACKING pc=0x00000174555485af sp=0x0000004c7fffbb60 mode 2
Event: 1.182 Thread 0x00000174447aa000 Uncommon trap: trap_request=0xffffffc6 fr.pc=0x000001745d0618b0 relative=0x00000000000003d0
Event: 1.182 Thread 0x00000174447aa000 Uncommon trap: reason=bimorphic_or_optimized_type_check action=maybe_recompile pc=0x000001745d0618b0 method=java.util.HashMap.getNode(ILjava/lang/Object;)Ljava/util/HashMap$Node; @ 126 c2
Event: 1.182 Thread 0x00000174447aa000 DEOPT PACKING pc=0x000001745d0618b0 sp=0x0000004c7fffe3b0
Event: 1.182 Thread 0x00000174447aa000 DEOPT UNPACKING pc=0x00000174555485af sp=0x0000004c7fffe2c8 mode 2
Event: 1.194 Thread 0x00000174447aa000 Uncommon trap: trap_request=0xffffffc6 fr.pc=0x000001745d05fb5c relative=0x000000000000037c
Event: 1.194 Thread 0x00000174447aa000 Uncommon trap: reason=bimorphic_or_optimized_type_check action=maybe_recompile pc=0x000001745d05fb5c method=java.util.HashMap.getNode(ILjava/lang/Object;)Ljava/util/HashMap$Node; @ 126 c2
Event: 1.194 Thread 0x00000174447aa000 DEOPT PACKING pc=0x000001745d05fb5c sp=0x0000004c7fffe330
Event: 1.194 Thread 0x00000174447aa000 DEOPT UNPACKING pc=0x00000174555485af sp=0x0000004c7fffe2c0 mode 2
Event: 1.198 Thread 0x00000174447aa000 Uncommon trap: trap_request=0xffffff4d fr.pc=0x000001745d08a1ac relative=0x00000000000003ec
Event: 1.198 Thread 0x00000174447aa000 Uncommon trap: reason=unstable_if action=reinterpret pc=0x000001745d08a1ac method=com.sun.org.apache.xerces.internal.util.SymbolTable.addSymbol([CII)Ljava/lang/String; @ 64 c2
Event: 1.198 Thread 0x00000174447aa000 DEOPT PACKING pc=0x000001745d08a1ac sp=0x0000004c7fffe7e0
Event: 1.198 Thread 0x00000174447aa000 DEOPT UNPACKING pc=0x00000174555485af sp=0x0000004c7fffe778 mode 2

Classes redefined (0 events):
No events

Internal exceptions (20 events):
Event: 1.191 Thread 0x00000174447aa000 Exception <a 'sun/nio/fs/WindowsException'{0x000000008beaa7c8}> (0x000000008beaa7c8) thrown at [./src/hotspot/share/prims/jni.cpp, line 616]
Event: 1.191 Thread 0x00000174447aa000 Exception <a 'sun/nio/fs/WindowsException'{0x000000008beab290}> (0x000000008beab290) thrown at [./src/hotspot/share/prims/jni.cpp, line 616]
Event: 1.191 Thread 0x00000174447aa000 Exception <a 'sun/nio/fs/WindowsException'{0x000000008beab638}> (0x000000008beab638) thrown at [./src/hotspot/share/prims/jni.cpp, line 616]
Event: 1.191 Thread 0x00000174447aa000 Exception <a 'sun/nio/fs/WindowsException'{0x000000008beabeb8}> (0x000000008beabeb8) thrown at [./src/hotspot/share/prims/jni.cpp, line 616]
Event: 1.191 Thread 0x00000174447aa000 Exception <a 'sun/nio/fs/WindowsException'{0x000000008beac608}> (0x000000008beac608) thrown at [./src/hotspot/share/prims/jni.cpp, line 616]
Event: 1.191 Thread 0x00000174447aa000 Exception <a 'sun/nio/fs/WindowsException'{0x000000008beacb78}> (0x000000008beacb78) thrown at [./src/hotspot/share/prims/jni.cpp, line 616]
Event: 1.191 Thread 0x00000174447aa000 Exception <a 'sun/nio/fs/WindowsException'{0x000000008bead300}> (0x000000008bead300) thrown at [./src/hotspot/share/prims/jni.cpp, line 616]
Event: 1.191 Thread 0x00000174447aa000 Exception <a 'sun/nio/fs/WindowsException'{0x000000008beadf18}> (0x000000008beadf18) thrown at [./src/hotspot/share/prims/jni.cpp, line 616]
Event: 1.191 Thread 0x00000174447aa000 Exception <a 'sun/nio/fs/WindowsException'{0x000000008beae2a8}> (0x000000008beae2a8) thrown at [./src/hotspot/share/prims/jni.cpp, line 616]
Event: 1.191 Thread 0x00000174447aa000 Exception <a 'sun/nio/fs/WindowsException'{0x000000008beaeb08}> (0x000000008beaeb08) thrown at [./src/hotspot/share/prims/jni.cpp, line 616]
Event: 1.192 Thread 0x00000174447aa000 Exception <a 'sun/nio/fs/WindowsException'{0x000000008beaf248}> (0x000000008beaf248) thrown at [./src/hotspot/share/prims/jni.cpp, line 616]
Event: 1.192 Thread 0x00000174447aa000 Exception <a 'sun/nio/fs/WindowsException'{0x000000008beaf798}> (0x000000008beaf798) thrown at [./src/hotspot/share/prims/jni.cpp, line 616]
Event: 1.192 Thread 0x00000174447aa000 Exception <a 'sun/nio/fs/WindowsException'{0x000000008beafef8}> (0x000000008beafef8) thrown at [./src/hotspot/share/prims/jni.cpp, line 616]
Event: 1.192 Thread 0x00000174447aa000 Exception <a 'sun/nio/fs/WindowsException'{0x000000008beb0898}> (0x000000008beb0898) thrown at [./src/hotspot/share/prims/jni.cpp, line 616]
Event: 1.192 Thread 0x00000174447aa000 Exception <a 'sun/nio/fs/WindowsException'{0x000000008beb0c28}> (0x000000008beb0c28) thrown at [./src/hotspot/share/prims/jni.cpp, line 616]
Event: 1.192 Thread 0x00000174447aa000 Exception <a 'sun/nio/fs/WindowsException'{0x000000008beb1628}> (0x000000008beb1628) thrown at [./src/hotspot/share/prims/jni.cpp, line 616]
Event: 1.192 Thread 0x00000174447aa000 Exception <a 'sun/nio/fs/WindowsException'{0x000000008beb19d8}> (0x000000008beb19d8) thrown at [./src/hotspot/share/prims/jni.cpp, line 616]
Event: 1.192 Thread 0x00000174447aa000 Exception <a 'sun/nio/fs/WindowsException'{0x000000008beb2b00}> (0x000000008beb2b00) thrown at [./src/hotspot/share/prims/jni.cpp, line 616]
Event: 1.192 Thread 0x00000174447aa000 Exception <a 'sun/nio/fs/WindowsException'{0x000000008beb2eb0}> (0x000000008beb2eb0) thrown at [./src/hotspot/share/prims/jni.cpp, line 616]
Event: 1.214 Thread 0x00000174447aa000 Exception <a 'java/lang/NoSuchMethodError'{0x000000008bd399c0}: 'int java.lang.invoke.DirectMethodHandle$Holder.invokeSpecialIFC(java.lang.Object, java.lang.Object, int)'> (0x000000008bd399c0) thrown at [./src/hotspot/share/interpreter/linkResolver.cpp, line 773]

Events (20 events):
Event: 1.224 loading class com/android/repository/impl/sources/generated/v1/GenericSiteType
Event: 1.224 loading class com/android/repository/impl/sources/generated/v1/GenericSiteType done
Event: 1.224 loading class com/android/repository/api/RemoteListSourceProvider$GenericSite
Event: 1.224 loading class com/android/repository/api/RemoteListSourceProvider$GenericSite done
Event: 1.226 loading class sun/reflect/generics/tree/BottomSignature
Event: 1.226 loading class sun/reflect/generics/tree/BottomSignature done
Event: 1.226 loading class sun/reflect/generics/tree/Wildcard
Event: 1.226 loading class sun/reflect/generics/tree/Wildcard done
Event: 1.226 loading class sun/reflect/generics/reflectiveObjects/WildcardTypeImpl
Event: 1.226 loading class sun/reflect/generics/reflectiveObjects/WildcardTypeImpl done
Event: 1.227 loading class sun/reflect/generics/tree/VoidDescriptor
Event: 1.227 loading class sun/reflect/generics/tree/VoidDescriptor done
Event: 1.229 loading class com/android/sdklib/repository/sources/generated/v3/AddonSiteType
Event: 1.229 loading class com/android/sdklib/repository/sources/generated/v3/AddonSiteType done
Event: 1.230 loading class com/android/sdklib/repository/sources/generated/v3/SysImgSiteType
Event: 1.230 loading class com/android/sdklib/repository/sources/generated/v3/SysImgSiteType done
Event: 1.230 loading class com/android/sdklib/repository/sources/generated/v5/AddonSiteType
Event: 1.230 loading class com/android/sdklib/repository/sources/generated/v5/AddonSiteType done
Event: 1.230 loading class com/android/sdklib/repository/sources/generated/v5/SysImgSiteType
Event: 1.230 loading class com/android/sdklib/repository/sources/generated/v5/SysImgSiteType done


Dynamic libraries:
0x00007ff7c8530000 - 0x00007ff7c853d000 	D:\Unity\Data Inti\2023.1.3f1\Editor\Data\PlaybackEngines\AndroidPlayer\OpenJDK\bin\java.exe
0x00007ffee7a70000 - 0x00007ffee7c84000 	C:\WINDOWS\SYSTEM32\ntdll.dll
0x00007ffee70f0000 - 0x00007ffee71b2000 	C:\WINDOWS\System32\KERNEL32.DLL
0x00007ffee4ea0000 - 0x00007ffee5243000 	C:\WINDOWS\System32\KERNELBASE.dll
0x00007ffee5610000 - 0x00007ffee5721000 	C:\WINDOWS\System32\ucrtbase.dll
0x00007ffecf1c0000 - 0x00007ffecf1d5000 	D:\Unity\Data Inti\2023.1.3f1\Editor\Data\PlaybackEngines\AndroidPlayer\OpenJDK\bin\VCRUNTIME140.dll
0x00007ffec2a50000 - 0x00007ffec2a67000 	D:\Unity\Data Inti\2023.1.3f1\Editor\Data\PlaybackEngines\AndroidPlayer\OpenJDK\bin\jli.dll
0x00007ffee6f40000 - 0x00007ffee70ea000 	C:\WINDOWS\System32\USER32.dll
0x00007ffed4460000 - 0x00007ffed46ee000 	C:\WINDOWS\WinSxS\amd64_microsoft.windows.common-controls_6595b64144ccf1df_6.0.22621.1635_none_270f70857386168e\COMCTL32.dll
0x00007ffee4e70000 - 0x00007ffee4e96000 	C:\WINDOWS\System32\win32u.dll
0x00007ffee5b20000 - 0x00007ffee5bc7000 	C:\WINDOWS\System32\msvcrt.dll
0x00007ffee62e0000 - 0x00007ffee6309000 	C:\WINDOWS\System32\GDI32.dll
0x00007ffee5250000 - 0x00007ffee5369000 	C:\WINDOWS\System32\gdi32full.dll
0x00007ffee57b0000 - 0x00007ffee584a000 	C:\WINDOWS\System32\msvcp_win.dll
0x00007ffee6500000 - 0x00007ffee6531000 	C:\WINDOWS\System32\IMM32.DLL
0x00007ffe862d0000 - 0x00007ffe8636b000 	D:\Unity\Data Inti\2023.1.3f1\Editor\Data\PlaybackEngines\AndroidPlayer\OpenJDK\bin\msvcp140.dll
0x00007ffe6fff0000 - 0x00007ffe70b71000 	D:\Unity\Data Inti\2023.1.3f1\Editor\Data\PlaybackEngines\AndroidPlayer\OpenJDK\bin\server\jvm.dll
0x00007ffee5bd0000 - 0x00007ffee5c7e000 	C:\WINDOWS\System32\ADVAPI32.dll
0x00007ffee6450000 - 0x00007ffee64f4000 	C:\WINDOWS\System32\sechost.dll
0x00007ffee5d40000 - 0x00007ffee5e57000 	C:\WINDOWS\System32\RPCRT4.dll
0x00007ffee5b10000 - 0x00007ffee5b18000 	C:\WINDOWS\System32\PSAPI.DLL
0x00007ffeddbe0000 - 0x00007ffeddbe9000 	C:\WINDOWS\SYSTEM32\WSOCK32.dll
0x00007ffedd590000 - 0x00007ffedd5c4000 	C:\WINDOWS\SYSTEM32\WINMM.dll
0x00007ffedd3f0000 - 0x00007ffedd3fa000 	C:\WINDOWS\SYSTEM32\VERSION.dll
0x00007ffee79b0000 - 0x00007ffee7a21000 	C:\WINDOWS\System32\WS2_32.dll
0x00007ffee3f60000 - 0x00007ffee3f78000 	C:\WINDOWS\SYSTEM32\kernel.appcore.dll
0x00007ffedfd00000 - 0x00007ffedfd10000 	D:\Unity\Data Inti\2023.1.3f1\Editor\Data\PlaybackEngines\AndroidPlayer\OpenJDK\bin\verify.dll
0x00007ffee26f0000 - 0x00007ffee291e000 	C:\WINDOWS\SYSTEM32\DBGHELP.DLL
0x00007ffee7230000 - 0x00007ffee75b9000 	C:\WINDOWS\System32\combase.dll
0x00007ffee75d0000 - 0x00007ffee76a7000 	C:\WINDOWS\System32\OLEAUT32.dll
0x00007ffed2420000 - 0x00007ffed2452000 	C:\WINDOWS\SYSTEM32\dbgcore.DLL
0x00007ffee5730000 - 0x00007ffee57aa000 	C:\WINDOWS\System32\bcryptPrimitives.dll
0x00007ffe9d840000 - 0x00007ffe9d868000 	D:\Unity\Data Inti\2023.1.3f1\Editor\Data\PlaybackEngines\AndroidPlayer\OpenJDK\bin\java.dll
0x00007ffec2a40000 - 0x00007ffec2a4a000 	D:\Unity\Data Inti\2023.1.3f1\Editor\Data\PlaybackEngines\AndroidPlayer\OpenJDK\bin\jimage.dll
0x00007ffe862b0000 - 0x00007ffe862c8000 	D:\Unity\Data Inti\2023.1.3f1\Editor\Data\PlaybackEngines\AndroidPlayer\OpenJDK\bin\zip.dll
0x00007ffee65a0000 - 0x00007ffee6d99000 	C:\WINDOWS\System32\SHELL32.dll
0x00007ffee2e10000 - 0x00007ffee36de000 	C:\WINDOWS\SYSTEM32\windows.storage.dll
0x00007ffee2cd0000 - 0x00007ffee2e0e000 	C:\WINDOWS\SYSTEM32\wintypes.dll
0x00007ffee7700000 - 0x00007ffee77f1000 	C:\WINDOWS\System32\SHCORE.dll
0x00007ffee6540000 - 0x00007ffee659e000 	C:\WINDOWS\System32\shlwapi.dll
0x00007ffee4da0000 - 0x00007ffee4dc6000 	C:\WINDOWS\SYSTEM32\profapi.dll
0x00007ffe86220000 - 0x00007ffe86239000 	D:\UNITY\Data Inti\2023.1.3f1\Editor\Data\PlaybackEngines\AndroidPlayer\OpenJDK\bin\net.dll
0x00007ffede9c0000 - 0x00007ffedeaf7000 	C:\WINDOWS\SYSTEM32\WINHTTP.dll
0x00007ffee43e0000 - 0x00007ffee4449000 	C:\WINDOWS\system32\mswsock.dll
0x00007ffe86200000 - 0x00007ffe86213000 	D:\UNITY\Data Inti\2023.1.3f1\Editor\Data\PlaybackEngines\AndroidPlayer\OpenJDK\bin\nio.dll

dbghelp: loaded successfully - version: 4.0.5 - missing functions: none
symbol engine: initialized successfully - sym options: 0x614 - pdb path: .;D:\Unity\Data Inti\2023.1.3f1\Editor\Data\PlaybackEngines\AndroidPlayer\OpenJDK\bin;C:\WINDOWS\SYSTEM32;C:\WINDOWS\WinSxS\amd64_microsoft.windows.common-controls_6595b64144ccf1df_6.0.22621.1635_none_270f70857386168e;D:\Unity\Data Inti\2023.1.3f1\Editor\Data\PlaybackEngines\AndroidPlayer\OpenJDK\bin\server

VM Arguments:
jvm_args: -Dcom.android.sdklib.toolsdir=D:\UNITY\Data Inti\2023.1.3f1\Editor\Data\PlaybackEngines\AndroidPlayer\SDK\cmdline-tools\6.0\bin\\.. 
java_command: com.android.sdklib.tool.sdkmanager.SdkManagerCli --list
java_class_path (initial): D:\UNITY\Data Inti\2023.1.3f1\Editor\Data\PlaybackEngines\AndroidPlayer\SDK\cmdline-tools\6.0\bin\..\lib\sdkmanager-classpath.jar
Launcher Type: SUN_STANDARD

[Global flags]
     intx CICompilerCount                          = 4                                         {product} {ergonomic}
     uint ConcGCThreads                            = 2                                         {product} {ergonomic}
     uint G1ConcRefinementThreads                  = 8                                         {product} {ergonomic}
   size_t G1HeapRegionSize                         = 1048576                                   {product} {ergonomic}
    uintx GCDrainStackTargetSize                   = 64                                        {product} {ergonomic}
   size_t InitialHeapSize                          = 130023424                                 {product} {ergonomic}
   size_t MarkStackSize                            = 4194304                                   {product} {ergonomic}
   size_t MaxHeapSize                              = 2067791872                                {product} {ergonomic}
   size_t MaxNewSize                               = 1240465408                                {product} {ergonomic}
   size_t MinHeapDeltaBytes                        = 1048576                                   {product} {ergonomic}
    uintx NonNMethodCodeHeapSize                   = 5836300                                {pd product} {ergonomic}
    uintx NonProfiledCodeHeapSize                  = 122910970                              {pd product} {ergonomic}
    uintx ProfiledCodeHeapSize                     = 122910970                              {pd product} {ergonomic}
    uintx ReservedCodeCacheSize                    = 251658240                              {pd product} {ergonomic}
     bool SegmentedCodeCache                       = true                                      {product} {ergonomic}
     bool UseCompressedClassPointers               = true                                 {lp64_product} {ergonomic}
     bool UseCompressedOops                        = true                                 {lp64_product} {ergonomic}
     bool UseG1GC                                  = true                                      {product} {ergonomic}
     bool UseLargePagesIndividualAllocation        = false                                  {pd product} {ergonomic}

Logging:
Log output configuration:
 #0: stdout all=warning uptime,level,tags
 #1: stderr all=off uptime,level,tags

Environment Variables:
JAVA_HOME=D:\Unity\Data Inti\2023.1.3f1\Editor\Data\PlaybackEngines\AndroidPlayer\OpenJDK
CLASSPATH=D:\UNITY\Data Inti\2023.1.3f1\Editor\Data\PlaybackEngines\AndroidPlayer\SDK\cmdline-tools\6.0\bin\..\lib\sdkmanager-classpath.jar
PATH=C:\ProgramData\Oracle\Java\javapath;C:\Program Files\Common Files\Oracle\Java\javapath;C:\Program Files (x86)\Common Files\Intel\Shared Libraries\redist\intel64_win\compiler;C:\Program Files (x86)\Common Files\Intel\Shared Libraries\redist\intel64\compiler;C:\Windows\system32;C:\Windows;C:\Windows\System32\Wbem;C:\Windows\System32\WindowsPowerShell\v1.0\;C:\Windows\System32\OpenSSH\;C:\Program Files (x86)\NVIDIA Corporation\PhysX\Common;C:\Program Files\NVIDIA Corporation\NVIDIA NvDLISR;C:\Users\ASUS\AppData\Local\Programs\Python\Python310\Scripts;C:\Users\ASUS\AppData\Local\Programs\Python\Python39;C:\Users\ASUS\AppData\Local\Programs\Python\Python39\Scripts;D:\JAVA\TEST 1\bin;C:\Program Files\dotnet\;D:\JAVA\TEST 1\src;C:\WINDOWS\system32;C:\WINDOWS;C:\WINDOWS\System32\Wbem;C:\WINDOWS\System32\WindowsPowerShell\v1.0\;C:\WINDOWS\System32\OpenSSH\;C:\Program Files\Git\cmd;D:\C#\Pelajaran 1;C:\Users\ASUS\AppData\Local\Microsoft\WindowsApps;C:\Users\ASUS\AppData\Local\Programs\Microsoft VS Code\bin;C:\msys64\mingw64\bin;D:\coding\PyCharm Community Edition 2022.2.1\bin;;C:\Users\ASUS\.dotnet\tools;C:\Users\ASUS\AppData\Local\GitHubDesktop\bin;
USERNAME=ASUS
OS=Windows_NT
PROCESSOR_IDENTIFIER=Intel64 Family 6 Model 126 Stepping 5, GenuineIntel



---------------  S Y S T E M  ---------------

OS: Windows 11 , 64 bit Build 22621 (10.0.22621.1928)
OS uptime: 0 days 6:54 hours
Hyper-V role detected

CPU:total 8 (initial active 8) (4 cores per cpu, 2 threads per core) family 6 model 126 stepping 5 microcode 0xa6, cmov, cx8, fxsr, mmx, sse, sse2, sse3, ssse3, sse4.1, sse4.2, popcnt, avx, avx2, aes, clmul, erms, 3dnowpref, lzcnt, ht, tsc, tscinvbit, bmi1, bmi2, adx, evex, sha, fma

Memory: 4k page, system-wide physical 7883M (471M free)
TotalPageFile size 16075M (AvailPageFile size 0M)
current process WorkingSet (physical memory assigned to process): 89M, peak: 90M
current process commit charge ("private bytes"): 225M, peak: 226M

vm_info: OpenJDK 64-Bit Server VM (11.0.14.1+1) for windows-amd64 JRE (11.0.14.1+1), built on Feb  9 2022 01:48:27 by "" with unknown MS VC++:1916

END.
